0 verbose cli C:\Program Files\nodejs\node.exe C:\Users\cis2\AppData\Roaming\npm\node_modules\npm\bin\npm-cli.js
1 info using npm@10.8.1
2 info using node@v20.15.0
3 silly config load:file:C:\Users\cis2\AppData\Roaming\npm\node_modules\npm\npmrc
4 silly config load:file:C:\Users\cis2\Documents\Desain\septian-devi\.npmrc
5 silly config load:file:C:\Users\cis2\.npmrc
6 silly config load:file:C:\Users\cis2\AppData\Roaming\npm\etc\npmrc
7 verbose title npm install tw-elements
8 verbose argv "install" "tw-elements"
9 verbose logfile logs-max:10 dir:C:\Users\cis2\Documents\Desain\septian-devi\tmpnodejsnpm-cache\_logs\2024-09-09T02_16_36_157Z-
10 verbose logfile C:\Users\cis2\Documents\Desain\septian-devi\tmpnodejsnpm-cache\_logs\2024-09-09T02_16_36_157Z-debug-0.log
11 silly packumentCache heap:2032926720 maxSize:508231680 maxEntrySize:254115840
12 silly logfile start cleaning logs, removing 1 files
13 silly logfile done cleaning log files
14 silly idealTree buildDeps
15 silly fetch manifest tw-elements@*
16 silly packumentCache full:https://registry.npmjs.org/tw-elements cache-miss
17 http fetch GET 200 https://registry.npmjs.org/tw-elements 589ms (cache miss)
18 silly packumentCache full:https://registry.npmjs.org/tw-elements set size:undefined disposed:false
19 silly placeDep ROOT tw-elements@2.0.0 OK for:  want: *
20 silly reify moves {}
21 silly audit bulk request {
21 silly audit   '@alloc/quick-lru': [ '5.2.0' ],
21 silly audit   '@isaacs/cliui': [ '8.0.2' ],
21 silly audit   '@jridgewell/gen-mapping': [ '0.3.5' ],
21 silly audit   '@jridgewell/resolve-uri': [ '3.1.2' ],
21 silly audit   '@jridgewell/set-array': [ '1.2.1' ],
21 silly audit   '@jridgewell/sourcemap-codec': [ '1.5.0' ],
21 silly audit   '@jridgewell/trace-mapping': [ '0.3.25' ],
21 silly audit   '@nodelib/fs.scandir': [ '2.1.5' ],
21 silly audit   '@nodelib/fs.stat': [ '2.0.5' ],
21 silly audit   '@nodelib/fs.walk': [ '1.2.8' ],
21 silly audit   '@pkgjs/parseargs': [ '0.11.0' ],
21 silly audit   'ansi-regex': [ '6.0.1', '5.0.1' ],
21 silly audit   'ansi-styles': [ '6.2.1', '4.3.0' ],
21 silly audit   'any-promise': [ '1.3.0' ],
21 silly audit   anymatch: [ '3.1.3' ],
21 silly audit   arg: [ '5.0.2' ],
21 silly audit   'balanced-match': [ '1.0.2' ],
21 silly audit   'binary-extensions': [ '2.3.0' ],
21 silly audit   'brace-expansion': [ '2.0.1' ],
21 silly audit   braces: [ '3.0.3' ],
21 silly audit   'camelcase-css': [ '2.0.1' ],
21 silly audit   chokidar: [ '3.6.0' ],
21 silly audit   'glob-parent': [ '5.1.2', '6.0.2' ],
21 silly audit   'color-convert': [ '2.0.1' ],
21 silly audit   'color-name': [ '1.1.4' ],
21 silly audit   commander: [ '4.1.1' ],
21 silly audit   'cross-spawn': [ '7.0.3' ],
21 silly audit   cssesc: [ '3.0.0' ],
21 silly audit   didyoumean: [ '1.2.2' ],
21 silly audit   dlv: [ '1.1.3' ],
21 silly audit   eastasianwidth: [ '0.2.0' ],
21 silly audit   'emoji-regex': [ '9.2.2', '8.0.0' ],
21 silly audit   'fast-glob': [ '3.3.2' ],
21 silly audit   fastq: [ '1.17.1' ],
21 silly audit   'fill-range': [ '7.1.1' ],
21 silly audit   'foreground-child': [ '3.3.0' ],
21 silly audit   fsevents: [ '2.3.3' ],
21 silly audit   'function-bind': [ '1.1.2' ],
21 silly audit   glob: [ '10.4.5' ],
21 silly audit   hasown: [ '2.0.2' ],
21 silly audit   'is-binary-path': [ '2.1.0' ],
21 silly audit   'is-core-module': [ '2.15.1' ],
21 silly audit   'is-extglob': [ '2.1.1' ],
21 silly audit   'is-fullwidth-code-point': [ '3.0.0' ],
21 silly audit   'is-glob': [ '4.0.3' ],
21 silly audit   'is-number': [ '7.0.0' ],
21 silly audit   isexe: [ '2.0.0' ],
21 silly audit   jackspeak: [ '3.4.3' ],
21 silly audit   jiti: [ '1.21.6' ],
21 silly audit   lilconfig: [ '2.1.0', '3.1.2' ],
21 silly audit   'lines-and-columns': [ '1.2.4' ],
21 silly audit   'lru-cache': [ '10.4.3' ],
21 silly audit   merge2: [ '1.4.1' ],
21 silly audit   micromatch: [ '4.0.8' ],
21 silly audit   minimatch: [ '9.0.5' ],
21 silly audit   minipass: [ '7.1.2' ],
21 silly audit   mz: [ '2.7.0' ],
21 silly audit   nanoid: [ '3.3.7' ],
21 silly audit   'normalize-path': [ '3.0.0' ],
21 silly audit   'object-assign': [ '4.1.1' ],
21 silly audit   'object-hash': [ '3.0.0' ],
21 silly audit   'package-json-from-dist': [ '1.0.0' ],
21 silly audit   'path-key': [ '3.1.1' ],
21 silly audit   'path-parse': [ '1.0.7' ],
21 silly audit   'path-scurry': [ '1.11.1' ],
21 silly audit   picocolors: [ '1.1.0' ],
21 silly audit   picomatch: [ '2.3.1' ],
21 silly audit   pify: [ '2.3.0' ],
21 silly audit   pirates: [ '4.0.6' ],
21 silly audit   postcss: [ '8.4.45' ],
21 silly audit   'postcss-import': [ '15.1.0' ],
21 silly audit   'postcss-js': [ '4.0.1' ],
21 silly audit   'postcss-load-config': [ '4.0.2' ],
21 silly audit   'postcss-nested': [ '6.2.0' ],
21 silly audit   'postcss-selector-parser': [ '6.1.2' ],
21 silly audit   'postcss-value-parser': [ '4.2.0' ],
21 silly audit   'queue-microtask': [ '1.2.3' ],
21 silly audit   'read-cache': [ '1.0.0' ],
21 silly audit   readdirp: [ '3.6.0' ],
21 silly audit   resolve: [ '1.22.8' ],
21 silly audit   reusify: [ '1.0.4' ],
21 silly audit   'run-parallel': [ '1.2.0' ],
21 silly audit   'shebang-command': [ '2.0.0' ],
21 silly audit   'shebang-regex': [ '3.0.0' ],
21 silly audit   'signal-exit': [ '4.1.0' ],
21 silly audit   'source-map-js': [ '1.2.0' ],
21 silly audit   'string-width': [ '5.1.2', '4.2.3' ],
21 silly audit   'strip-ansi': [ '6.0.1', '7.1.0' ],
21 silly audit   sucrase: [ '3.35.0' ],
21 silly audit   'supports-preserve-symlinks-flag': [ '1.0.0' ],
21 silly audit   tailwindcss: [ '3.4.10' ],
21 silly audit   thenify: [ '3.3.1' ],
21 silly audit   'thenify-all': [ '1.6.0' ],
21 silly audit   'to-regex-range': [ '5.0.1' ],
21 silly audit   'ts-interface-checker': [ '0.1.13' ],
21 silly audit   'util-deprecate': [ '1.0.2' ],
21 silly audit   which: [ '2.0.2' ],
21 silly audit   'wrap-ansi': [ '8.1.0', '7.0.0' ],
21 silly audit   yaml: [ '2.5.1' ],
21 silly audit   'tw-elements': [ '2.0.0' ]
21 silly audit }
22 verbose reify failed optional dependency C:\Users\cis2\Documents\Desain\septian-devi\node_modules\fsevents
23 silly reify mark deleted [
23 silly reify   'C:\\Users\\cis2\\Documents\\Desain\\septian-devi\\node_modules\\fsevents'
23 silly reify ]
24 silly tarball no local data for tw-elements@https://registry.npmjs.org/tw-elements/-/tw-elements-2.0.0.tgz. Extracting by manifest.
25 http fetch POST 200 https://registry.npmjs.org/-/npm/v1/security/advisories/bulk 294ms
26 silly audit report {}
27 http fetch GET 200 https://registry.npmjs.org/tw-elements/-/tw-elements-2.0.0.tgz 1882ms (cache miss)
28 silly ADD node_modules/tw-elements
29 silly ADD
30 verbose cwd C:\Users\cis2\Documents\Desain\septian-devi
31 verbose os Windows_NT 10.0.22621
32 verbose node v20.15.0
33 verbose npm  v10.8.1
34 verbose exit 0
35 info ok
