0 verbose cli C:\Program Files\nodejs\node.exe C:\Users\cis2\AppData\Roaming\npm\node_modules\npm\bin\npm-cli.js
1 info using npm@10.8.1
2 info using node@v20.15.0
3 silly config load:file:C:\Users\cis2\AppData\Roaming\npm\node_modules\npm\npmrc
4 silly config load:file:C:\Users\cis2\Documents\Desain\septian-devi\.npmrc
5 silly config load:file:C:\Users\cis2\.npmrc
6 silly config load:file:C:\Users\cis2\AppData\Roaming\npm\etc\npmrc
7 verbose title npm install tailwindcss
8 verbose argv "install" "--save-dev" "tailwindcss"
9 verbose logfile logs-max:10 dir:C:\Users\cis2\Documents\Desain\septian-devi\tmpnodejsnpm-cache\_logs\2024-09-06T04_51_09_449Z-
10 verbose logfile C:\Users\cis2\Documents\Desain\septian-devi\tmpnodejsnpm-cache\_logs\2024-09-06T04_51_09_449Z-debug-0.log
11 silly packumentCache heap:2032926720 maxSize:508231680 maxEntrySize:254115840
12 silly logfile done cleaning log files
13 silly idealTree buildDeps
14 silly fetch manifest tailwindcss@*
15 silly packumentCache full:https://registry.npmjs.org/tailwindcss cache-miss
16 http fetch GET 200 https://registry.npmjs.org/npm 1241ms
17 http fetch GET 200 https://registry.npmjs.org/tailwindcss 7573ms (cache miss)
18 silly packumentCache full:https://registry.npmjs.org/tailwindcss set size:undefined disposed:false
19 silly placeDep ROOT tailwindcss@3.4.10 OK for:  want: *
20 silly fetch manifest arg@^5.0.2
21 silly packumentCache full:https://registry.npmjs.org/arg cache-miss
22 silly fetch manifest dlv@^1.1.3
23 silly packumentCache full:https://registry.npmjs.org/dlv cache-miss
24 silly fetch manifest jiti@^1.21.0
25 silly packumentCache full:https://registry.npmjs.org/jiti cache-miss
26 silly fetch manifest is-glob@^4.0.3
27 silly packumentCache full:https://registry.npmjs.org/is-glob cache-miss
28 silly fetch manifest postcss@^8.4.23
29 silly packumentCache full:https://registry.npmjs.org/postcss cache-miss
30 silly fetch manifest resolve@^1.22.2
31 silly packumentCache full:https://registry.npmjs.org/resolve cache-miss
32 silly fetch manifest sucrase@^3.32.0
33 silly packumentCache full:https://registry.npmjs.org/sucrase cache-miss
34 http fetch GET 200 https://registry.npmjs.org/arg 319ms (cache miss)
35 silly packumentCache full:https://registry.npmjs.org/arg set size:undefined disposed:false
36 silly fetch manifest chokidar@^3.5.3
37 silly packumentCache full:https://registry.npmjs.org/chokidar cache-miss
38 http fetch GET 200 https://registry.npmjs.org/dlv 377ms (cache miss)
39 silly packumentCache full:https://registry.npmjs.org/dlv set size:undefined disposed:false
40 silly fetch manifest fast-glob@^3.3.0
41 silly packumentCache full:https://registry.npmjs.org/fast-glob cache-miss
42 http fetch GET 200 https://registry.npmjs.org/is-glob 1082ms (cache miss)
43 silly packumentCache full:https://registry.npmjs.org/is-glob set size:undefined disposed:false
44 silly fetch manifest lilconfig@^2.1.0
45 silly packumentCache full:https://registry.npmjs.org/lilconfig cache-miss
46 http fetch GET 200 https://registry.npmjs.org/chokidar 1076ms (cache miss)
47 silly packumentCache full:https://registry.npmjs.org/chokidar set size:undefined disposed:false
48 silly fetch manifest didyoumean@^1.2.2
49 silly packumentCache full:https://registry.npmjs.org/didyoumean cache-miss
50 http fetch GET 200 https://registry.npmjs.org/resolve 1405ms (cache miss)
51 silly packumentCache full:https://registry.npmjs.org/resolve set size:undefined disposed:false
52 silly fetch manifest micromatch@^4.0.5
53 silly packumentCache full:https://registry.npmjs.org/micromatch cache-miss
54 http fetch GET 200 https://registry.npmjs.org/lilconfig 519ms (cache miss)
55 silly packumentCache full:https://registry.npmjs.org/lilconfig set size:undefined disposed:false
56 silly fetch manifest picocolors@^1.0.0
57 silly packumentCache full:https://registry.npmjs.org/picocolors cache-miss
58 http fetch GET 200 https://registry.npmjs.org/fast-glob 1354ms (cache miss)
59 silly packumentCache full:https://registry.npmjs.org/fast-glob set size:undefined disposed:false
60 silly fetch manifest postcss-js@^4.0.1
61 silly packumentCache full:https://registry.npmjs.org/postcss-js cache-miss
62 http fetch GET 200 https://registry.npmjs.org/didyoumean 471ms (cache miss)
63 silly packumentCache full:https://registry.npmjs.org/didyoumean set size:undefined disposed:false
64 silly fetch manifest glob-parent@^6.0.2
65 silly packumentCache full:https://registry.npmjs.org/glob-parent cache-miss
66 http fetch GET 200 https://registry.npmjs.org/micromatch 472ms (cache miss)
67 silly packumentCache full:https://registry.npmjs.org/micromatch set size:undefined disposed:false
68 silly fetch manifest object-hash@^3.0.0
69 silly packumentCache full:https://registry.npmjs.org/object-hash cache-miss
70 http fetch GET 200 https://registry.npmjs.org/picocolors 547ms (cache miss)
71 silly packumentCache full:https://registry.npmjs.org/picocolors set size:undefined disposed:false
72 silly fetch manifest normalize-path@^3.0.0
73 silly packumentCache full:https://registry.npmjs.org/normalize-path cache-miss
74 http fetch GET 200 https://registry.npmjs.org/postcss-js 539ms (cache miss)
75 silly packumentCache full:https://registry.npmjs.org/postcss-js set size:undefined disposed:false
76 silly fetch manifest postcss-import@^15.1.0
77 silly packumentCache full:https://registry.npmjs.org/postcss-import cache-miss
78 http fetch GET 200 https://registry.npmjs.org/glob-parent 675ms (cache miss)
79 silly packumentCache full:https://registry.npmjs.org/glob-parent set size:undefined disposed:false
80 silly fetch manifest postcss-nested@^6.0.1
81 silly packumentCache full:https://registry.npmjs.org/postcss-nested cache-miss
82 http fetch GET 200 https://registry.npmjs.org/object-hash 738ms (cache miss)
83 silly packumentCache full:https://registry.npmjs.org/object-hash set size:undefined disposed:false
84 silly fetch manifest @alloc/quick-lru@^5.2.0
85 silly packumentCache full:https://registry.npmjs.org/@alloc%2fquick-lru cache-miss
86 http fetch GET 200 https://registry.npmjs.org/jiti 2732ms (cache miss)
87 silly packumentCache full:https://registry.npmjs.org/jiti set size:undefined disposed:false
88 silly fetch manifest postcss-load-config@^4.0.1
89 silly packumentCache full:https://registry.npmjs.org/postcss-load-config cache-miss
90 http fetch GET 200 https://registry.npmjs.org/normalize-path 628ms (cache miss)
91 silly packumentCache full:https://registry.npmjs.org/normalize-path set size:undefined disposed:false
92 silly fetch manifest postcss-selector-parser@^6.0.11
93 silly packumentCache full:https://registry.npmjs.org/postcss-selector-parser cache-miss
94 http fetch GET 200 https://registry.npmjs.org/postcss-nested 406ms (cache miss)
95 silly packumentCache full:https://registry.npmjs.org/postcss-nested set size:undefined disposed:false
96 http fetch GET 200 https://registry.npmjs.org/@alloc%2fquick-lru 343ms (cache miss)
97 silly packumentCache full:https://registry.npmjs.org/@alloc%2fquick-lru set size:undefined disposed:false
98 http fetch GET 200 https://registry.npmjs.org/postcss-import 783ms (cache miss)
99 silly packumentCache full:https://registry.npmjs.org/postcss-import set size:undefined disposed:false
100 http fetch GET 200 https://registry.npmjs.org/postcss-load-config 435ms (cache miss)
101 silly packumentCache full:https://registry.npmjs.org/postcss-load-config set size:undefined disposed:false
102 http fetch GET 200 https://registry.npmjs.org/postcss-selector-parser 438ms (cache miss)
103 silly packumentCache full:https://registry.npmjs.org/postcss-selector-parser set size:undefined disposed:false
104 http fetch GET 200 https://registry.npmjs.org/postcss 3557ms (cache miss)
105 silly packumentCache full:https://registry.npmjs.org/postcss set size:undefined disposed:false
106 http fetch GET 200 https://registry.npmjs.org/sucrase 3663ms (cache miss)
107 silly packumentCache full:https://registry.npmjs.org/sucrase set size:undefined disposed:false
108 silly fetch manifest ts-node@>=9.0.0
109 silly packumentCache full:https://registry.npmjs.org/ts-node cache-miss
110 http fetch GET 200 https://registry.npmjs.org/ts-node 516ms (cache miss)
111 silly packumentCache full:https://registry.npmjs.org/ts-node set size:undefined disposed:false
112 silly fetch manifest @swc/core@>=1.2.50
113 silly packumentCache full:https://registry.npmjs.org/@swc%2fcore cache-miss
114 http fetch GET 200 https://registry.npmjs.org/@swc%2fcore 948ms (cache miss)
115 silly packumentCache full:https://registry.npmjs.org/@swc%2fcore set size:undefined disposed:false
116 silly fetch manifest @swc/helpers@*
117 silly packumentCache full:https://registry.npmjs.org/@swc%2fhelpers cache-miss
118 http fetch GET 200 https://registry.npmjs.org/@swc%2fhelpers 309ms (cache miss)
119 silly packumentCache full:https://registry.npmjs.org/@swc%2fhelpers set size:undefined disposed:false
120 silly fetch manifest @swc/wasm@>=1.2.50
121 silly packumentCache full:https://registry.npmjs.org/@swc%2fwasm cache-miss
122 http fetch GET 200 https://registry.npmjs.org/@swc%2fwasm 3470ms (cache miss)
123 silly packumentCache full:https://registry.npmjs.org/@swc%2fwasm set size:undefined disposed:false
124 silly fetch manifest @types/node@*
125 silly packumentCache full:https://registry.npmjs.org/@types%2fnode cache-miss
126 http fetch GET 200 https://registry.npmjs.org/@types%2fnode 3148ms (cache miss)
127 silly packumentCache full:https://registry.npmjs.org/@types%2fnode set size:undefined disposed:false
128 silly fetch manifest typescript@>=2.7
129 silly packumentCache full:https://registry.npmjs.org/typescript cache-miss
130 http fetch GET 200 https://registry.npmjs.org/typescript 10075ms (cache miss)
131 silly packumentCache full:https://registry.npmjs.org/typescript set size:undefined disposed:false
132 silly placeDep ROOT @alloc/quick-lru@5.2.0 OK for: tailwindcss@3.4.10 want: ^5.2.0
133 silly placeDep ROOT arg@5.0.2 OK for: tailwindcss@3.4.10 want: ^5.0.2
134 silly placeDep ROOT chokidar@3.6.0 OK for: tailwindcss@3.4.10 want: ^3.5.3
135 silly placeDep ROOT didyoumean@1.2.2 OK for: tailwindcss@3.4.10 want: ^1.2.2
136 silly placeDep ROOT dlv@1.1.3 OK for: tailwindcss@3.4.10 want: ^1.1.3
137 silly placeDep ROOT fast-glob@3.3.2 OK for: tailwindcss@3.4.10 want: ^3.3.0
138 silly placeDep ROOT glob-parent@6.0.2 OK for: tailwindcss@3.4.10 want: ^6.0.2
139 silly placeDep ROOT is-glob@4.0.3 OK for: tailwindcss@3.4.10 want: ^4.0.3
140 silly placeDep ROOT jiti@1.21.6 OK for: tailwindcss@3.4.10 want: ^1.21.0
141 silly placeDep ROOT lilconfig@2.1.0 OK for: tailwindcss@3.4.10 want: ^2.1.0
142 silly placeDep ROOT micromatch@4.0.8 OK for: tailwindcss@3.4.10 want: ^4.0.5
143 silly placeDep ROOT normalize-path@3.0.0 OK for: tailwindcss@3.4.10 want: ^3.0.0
144 silly placeDep ROOT object-hash@3.0.0 OK for: tailwindcss@3.4.10 want: ^3.0.0
145 silly placeDep ROOT picocolors@1.1.0 OK for: tailwindcss@3.4.10 want: ^1.0.0
146 silly placeDep ROOT postcss@8.4.45 OK for: tailwindcss@3.4.10 want: ^8.4.23
147 silly placeDep ROOT postcss-import@15.1.0 OK for: tailwindcss@3.4.10 want: ^15.1.0
148 silly placeDep ROOT postcss-js@4.0.1 OK for: tailwindcss@3.4.10 want: ^4.0.1
149 silly placeDep ROOT postcss-load-config@4.0.2 OK for: tailwindcss@3.4.10 want: ^4.0.1
150 silly placeDep ROOT postcss-nested@6.2.0 OK for: tailwindcss@3.4.10 want: ^6.0.1
151 silly placeDep ROOT postcss-selector-parser@6.1.2 OK for: tailwindcss@3.4.10 want: ^6.0.11
152 silly placeDep ROOT resolve@1.22.8 OK for: tailwindcss@3.4.10 want: ^1.22.2
153 silly placeDep ROOT sucrase@3.35.0 OK for: tailwindcss@3.4.10 want: ^3.32.0
154 silly fetch manifest anymatch@~3.1.2
155 silly packumentCache full:https://registry.npmjs.org/anymatch cache-miss
156 silly fetch manifest braces@~3.0.2
157 silly packumentCache full:https://registry.npmjs.org/braces cache-miss
158 silly fetch manifest glob-parent@~5.1.2
159 silly packumentCache full:https://registry.npmjs.org/glob-parent cache-miss
160 silly fetch manifest is-binary-path@~2.1.0
161 silly packumentCache full:https://registry.npmjs.org/is-binary-path cache-miss
162 silly fetch manifest is-glob@~4.0.1
163 silly packumentCache full:https://registry.npmjs.org/is-glob cache-miss
164 silly fetch manifest normalize-path@~3.0.0
165 silly packumentCache full:https://registry.npmjs.org/normalize-path cache-miss
166 silly fetch manifest readdirp@~3.6.0
167 silly packumentCache full:https://registry.npmjs.org/readdirp cache-miss
168 http fetch GET 200 https://registry.npmjs.org/glob-parent 29ms (cache hit)
169 silly packumentCache full:https://registry.npmjs.org/glob-parent set size:42445 disposed:false
170 silly fetch manifest fsevents@~2.3.2
171 silly packumentCache full:https://registry.npmjs.org/fsevents cache-miss
172 http fetch GET 200 https://registry.npmjs.org/is-glob 30ms (cache hit)
173 silly packumentCache full:https://registry.npmjs.org/is-glob set size:40530 disposed:false
174 silly fetch manifest @nodelib/fs.stat@^2.0.2
175 silly packumentCache full:https://registry.npmjs.org/@nodelib%2ffs.stat cache-miss
176 http fetch GET 200 https://registry.npmjs.org/normalize-path 40ms (cache hit)
177 silly packumentCache full:https://registry.npmjs.org/normalize-path set size:28713 disposed:false
178 silly fetch manifest @nodelib/fs.walk@^1.2.3
179 silly packumentCache full:https://registry.npmjs.org/@nodelib%2ffs.walk cache-miss
180 http fetch GET 200 https://registry.npmjs.org/is-binary-path 141ms (cache miss)
181 silly packumentCache full:https://registry.npmjs.org/is-binary-path set size:undefined disposed:false
182 silly fetch manifest glob-parent@^5.1.2
183 silly packumentCache full:https://registry.npmjs.org/glob-parent cache-hit
184 silly fetch manifest merge2@^1.3.0
185 silly packumentCache full:https://registry.npmjs.org/merge2 cache-miss
186 http fetch GET 200 https://registry.npmjs.org/readdirp 176ms (cache miss)
187 silly packumentCache full:https://registry.npmjs.org/readdirp set size:undefined disposed:false
188 silly fetch manifest micromatch@^4.0.4
189 silly packumentCache full:https://registry.npmjs.org/micromatch cache-miss
190 http fetch GET 200 https://registry.npmjs.org/micromatch 4ms (cache hit)
191 silly packumentCache full:https://registry.npmjs.org/micromatch set size:240734 disposed:false
192 silly fetch manifest is-extglob@^2.1.1
193 silly packumentCache full:https://registry.npmjs.org/is-extglob cache-miss
194 http fetch GET 200 https://registry.npmjs.org/@nodelib%2ffs.stat 182ms (cache miss)
195 silly packumentCache full:https://registry.npmjs.org/@nodelib%2ffs.stat set size:undefined disposed:false
196 silly fetch manifest braces@^3.0.3
197 silly packumentCache full:https://registry.npmjs.org/braces cache-miss
198 http fetch GET 200 https://registry.npmjs.org/anymatch 249ms (cache miss)
199 silly packumentCache full:https://registry.npmjs.org/anymatch set size:undefined disposed:false
200 silly fetch manifest picomatch@^2.3.1
201 silly packumentCache full:https://registry.npmjs.org/picomatch cache-miss
202 http fetch GET 200 https://registry.npmjs.org/merge2 133ms (cache miss)
203 silly packumentCache full:https://registry.npmjs.org/merge2 set size:undefined disposed:false
204 silly fetch manifest nanoid@^3.3.7
205 silly packumentCache full:https://registry.npmjs.org/nanoid cache-miss
206 http fetch GET 200 https://registry.npmjs.org/is-extglob 120ms (cache miss)
207 silly packumentCache full:https://registry.npmjs.org/is-extglob set size:undefined disposed:false
208 silly fetch manifest source-map-js@^1.2.0
209 silly packumentCache full:https://registry.npmjs.org/source-map-js cache-miss
210 http fetch GET 200 https://registry.npmjs.org/braces 169ms (cache miss)
211 silly packumentCache full:https://registry.npmjs.org/braces set size:undefined disposed:false
212 silly fetch manifest postcss-value-parser@^4.0.0
213 silly packumentCache full:https://registry.npmjs.org/postcss-value-parser cache-miss
214 http fetch GET 200 https://registry.npmjs.org/braces 425ms (cache miss)
215 silly packumentCache full:https://registry.npmjs.org/braces set size:undefined disposed:false
216 silly fetch manifest read-cache@^1.0.0
217 silly packumentCache full:https://registry.npmjs.org/read-cache cache-miss
218 http fetch GET 200 https://registry.npmjs.org/source-map-js 147ms (cache miss)
219 silly packumentCache full:https://registry.npmjs.org/source-map-js set size:undefined disposed:false
220 silly fetch manifest resolve@^1.1.7
221 silly packumentCache full:https://registry.npmjs.org/resolve cache-miss
222 http fetch GET 200 https://registry.npmjs.org/resolve 4ms (cache hit)
223 silly packumentCache full:https://registry.npmjs.org/resolve set size:288408 disposed:false
224 silly fetch manifest camelcase-css@^2.0.1
225 silly packumentCache full:https://registry.npmjs.org/camelcase-css cache-miss
226 http fetch GET 200 https://registry.npmjs.org/nanoid 206ms (cache miss)
227 silly packumentCache full:https://registry.npmjs.org/nanoid set size:undefined disposed:false
228 silly fetch manifest yaml@^2.3.4
229 silly packumentCache full:https://registry.npmjs.org/yaml cache-miss
230 http fetch GET 200 https://registry.npmjs.org/postcss-value-parser 158ms (cache miss)
231 silly packumentCache full:https://registry.npmjs.org/postcss-value-parser set size:undefined disposed:false
232 silly fetch manifest lilconfig@^3.0.0
233 silly packumentCache full:https://registry.npmjs.org/lilconfig cache-miss
234 http fetch GET 200 https://registry.npmjs.org/lilconfig 5ms (cache hit)
235 silly packumentCache full:https://registry.npmjs.org/lilconfig set size:43850 disposed:false
236 silly fetch manifest postcss-selector-parser@^6.1.1
237 silly packumentCache full:https://registry.npmjs.org/postcss-selector-parser cache-miss
238 http fetch GET 200 https://registry.npmjs.org/postcss-selector-parser 5ms (cache hit)
239 silly packumentCache full:https://registry.npmjs.org/postcss-selector-parser set size:168339 disposed:false
240 silly fetch manifest cssesc@^3.0.0
241 silly packumentCache full:https://registry.npmjs.org/cssesc cache-miss
242 http fetch GET 200 https://registry.npmjs.org/camelcase-css 135ms (cache miss)
243 silly packumentCache full:https://registry.npmjs.org/camelcase-css set size:undefined disposed:false
244 silly fetch manifest util-deprecate@^1.0.2
245 silly packumentCache full:https://registry.npmjs.org/util-deprecate cache-miss
246 http fetch GET 200 https://registry.npmjs.org/util-deprecate 128ms (cache miss)
247 silly packumentCache full:https://registry.npmjs.org/util-deprecate set size:undefined disposed:false
248 silly fetch manifest is-core-module@^2.13.0
249 silly packumentCache full:https://registry.npmjs.org/is-core-module cache-miss
250 http fetch GET 200 https://registry.npmjs.org/read-cache 313ms (cache miss)
251 silly packumentCache full:https://registry.npmjs.org/read-cache set size:undefined disposed:false
252 silly fetch manifest path-parse@^1.0.7
253 silly packumentCache full:https://registry.npmjs.org/path-parse cache-miss
254 http fetch GET 200 https://registry.npmjs.org/cssesc 245ms (cache miss)
255 silly packumentCache full:https://registry.npmjs.org/cssesc set size:undefined disposed:false
256 silly fetch manifest supports-preserve-symlinks-flag@^1.0.0
257 silly packumentCache full:https://registry.npmjs.org/supports-preserve-symlinks-flag cache-miss
258 http fetch GET 200 https://registry.npmjs.org/is-core-module 160ms (cache miss)
259 silly packumentCache full:https://registry.npmjs.org/is-core-module set size:undefined disposed:false
260 silly fetch manifest @jridgewell/gen-mapping@^0.3.2
261 silly packumentCache full:https://registry.npmjs.org/@jridgewell%2fgen-mapping cache-miss
262 http fetch GET 200 https://registry.npmjs.org/yaml 407ms (cache miss)
263 silly packumentCache full:https://registry.npmjs.org/yaml set size:undefined disposed:false
264 silly fetch manifest commander@^4.0.0
265 silly packumentCache full:https://registry.npmjs.org/commander cache-miss
266 http fetch GET 200 https://registry.npmjs.org/path-parse 190ms (cache miss)
267 silly packumentCache full:https://registry.npmjs.org/path-parse set size:undefined disposed:false
268 silly fetch manifest glob@^10.3.10
269 silly packumentCache full:https://registry.npmjs.org/glob cache-miss
270 http fetch GET 200 https://registry.npmjs.org/supports-preserve-symlinks-flag 130ms (cache miss)
271 silly packumentCache full:https://registry.npmjs.org/supports-preserve-symlinks-flag set size:undefined disposed:false
272 silly fetch manifest lines-and-columns@^1.1.6
273 silly packumentCache full:https://registry.npmjs.org/lines-and-columns cache-miss
274 http fetch GET 200 https://registry.npmjs.org/fsevents 949ms (cache miss)
275 silly packumentCache full:https://registry.npmjs.org/fsevents set size:undefined disposed:false
276 silly fetch manifest mz@^2.7.0
277 silly packumentCache full:https://registry.npmjs.org/mz cache-miss
278 http fetch GET 200 https://registry.npmjs.org/@jridgewell%2fgen-mapping 164ms (cache miss)
279 silly packumentCache full:https://registry.npmjs.org/@jridgewell%2fgen-mapping set size:undefined disposed:false
280 silly fetch manifest pirates@^4.0.1
281 silly packumentCache full:https://registry.npmjs.org/pirates cache-miss
282 http fetch GET 200 https://registry.npmjs.org/lines-and-columns 152ms (cache miss)
283 silly packumentCache full:https://registry.npmjs.org/lines-and-columns set size:undefined disposed:false
284 silly fetch manifest ts-interface-checker@^0.1.9
285 silly packumentCache full:https://registry.npmjs.org/ts-interface-checker cache-miss
286 http fetch GET 200 https://registry.npmjs.org/mz 268ms (cache miss)
287 silly packumentCache full:https://registry.npmjs.org/mz set size:undefined disposed:false
288 http fetch GET 200 https://registry.npmjs.org/pirates 304ms (cache miss)
289 silly packumentCache full:https://registry.npmjs.org/pirates set size:undefined disposed:false
290 http fetch GET 200 https://registry.npmjs.org/ts-interface-checker 432ms (cache miss)
291 silly packumentCache full:https://registry.npmjs.org/ts-interface-checker set size:undefined disposed:false
292 http fetch GET 200 https://registry.npmjs.org/commander 640ms (cache miss)
293 silly packumentCache full:https://registry.npmjs.org/commander set size:undefined disposed:false
294 http fetch GET 200 https://registry.npmjs.org/glob 641ms (cache miss)
295 silly packumentCache full:https://registry.npmjs.org/glob set size:undefined disposed:false
296 http fetch GET 200 https://registry.npmjs.org/@nodelib%2ffs.walk 1717ms (cache miss)
297 silly packumentCache full:https://registry.npmjs.org/@nodelib%2ffs.walk set size:undefined disposed:false
298 http fetch GET 200 https://registry.npmjs.org/picomatch 1579ms (cache miss)
299 silly packumentCache full:https://registry.npmjs.org/picomatch set size:undefined disposed:false
300 silly placeDep ROOT anymatch@3.1.3 OK for: chokidar@3.6.0 want: ~3.1.2
301 silly placeDep ROOT braces@3.0.3 OK for: chokidar@3.6.0 want: ~3.0.2
302 silly placeDep ROOT fsevents@2.3.3 OK for: chokidar@3.6.0 want: ~2.3.2
303 silly placeDep node_modules/chokidar glob-parent@5.1.2 OK for: chokidar@3.6.0 want: ~5.1.2
304 silly placeDep ROOT is-binary-path@2.1.0 OK for: chokidar@3.6.0 want: ~2.1.0
305 silly placeDep ROOT readdirp@3.6.0 OK for: chokidar@3.6.0 want: ~3.6.0
306 silly fetch manifest picomatch@^2.0.4
307 silly packumentCache full:https://registry.npmjs.org/picomatch cache-miss
308 silly fetch manifest fill-range@^7.1.1
309 silly packumentCache full:https://registry.npmjs.org/fill-range cache-miss
310 silly fetch manifest binary-extensions@^2.0.0
311 silly packumentCache full:https://registry.npmjs.org/binary-extensions cache-miss
312 silly fetch manifest picomatch@^2.2.1
313 silly packumentCache full:https://registry.npmjs.org/picomatch cache-miss
314 http fetch GET 200 https://registry.npmjs.org/picomatch 32ms (cache hit)
315 silly packumentCache full:https://registry.npmjs.org/picomatch set size:116241 disposed:false
316 http fetch GET 200 https://registry.npmjs.org/picomatch 33ms (cache hit)
317 silly packumentCache full:https://registry.npmjs.org/picomatch set size:116241 disposed:false
318 silly packumentCache full:https://registry.npmjs.org/picomatch dispose
319 http fetch GET 200 https://registry.npmjs.org/binary-extensions 209ms (cache miss)
320 silly packumentCache full:https://registry.npmjs.org/binary-extensions set size:undefined disposed:false
321 http fetch GET 200 https://registry.npmjs.org/fill-range 236ms (cache miss)
322 silly packumentCache full:https://registry.npmjs.org/fill-range set size:undefined disposed:false
323 silly placeDep ROOT picomatch@2.3.1 OK for: anymatch@3.1.3 want: ^2.0.4
324 silly placeDep ROOT fill-range@7.1.1 OK for: braces@3.0.3 want: ^7.1.1
325 silly fetch manifest to-regex-range@^5.0.1
326 silly packumentCache full:https://registry.npmjs.org/to-regex-range cache-miss
327 http fetch GET 200 https://registry.npmjs.org/to-regex-range 144ms (cache miss)
328 silly packumentCache full:https://registry.npmjs.org/to-regex-range set size:undefined disposed:false
329 silly placeDep ROOT @nodelib/fs.stat@2.0.5 OK for: fast-glob@3.3.2 want: ^2.0.2
330 silly placeDep ROOT @nodelib/fs.walk@1.2.8 OK for: fast-glob@3.3.2 want: ^1.2.3
331 silly placeDep node_modules/fast-glob glob-parent@5.1.2 OK for: fast-glob@3.3.2 want: ^5.1.2
332 silly placeDep ROOT merge2@1.4.1 OK for: fast-glob@3.3.2 want: ^1.3.0
333 silly fetch manifest @nodelib/fs.scandir@2.1.5
334 silly packumentCache full:https://registry.npmjs.org/@nodelib%2ffs.scandir cache-miss
335 silly fetch manifest fastq@^1.6.0
336 silly packumentCache full:https://registry.npmjs.org/fastq cache-miss
337 http fetch GET 200 https://registry.npmjs.org/@nodelib%2ffs.scandir 164ms (cache miss)
338 silly packumentCache full:https://registry.npmjs.org/@nodelib%2ffs.scandir set size:undefined disposed:false
339 http fetch GET 200 https://registry.npmjs.org/fastq 223ms (cache miss)
340 silly packumentCache full:https://registry.npmjs.org/fastq set size:undefined disposed:false
341 silly placeDep ROOT @nodelib/fs.scandir@2.1.5 OK for: @nodelib/fs.walk@1.2.8 want: 2.1.5
342 silly placeDep ROOT fastq@1.17.1 OK for: @nodelib/fs.walk@1.2.8 want: ^1.6.0
343 silly fetch manifest run-parallel@^1.1.9
344 silly packumentCache full:https://registry.npmjs.org/run-parallel cache-miss
345 silly fetch manifest reusify@^1.0.4
346 silly packumentCache full:https://registry.npmjs.org/reusify cache-miss
347 http fetch GET 200 https://registry.npmjs.org/reusify 151ms (cache miss)
348 silly packumentCache full:https://registry.npmjs.org/reusify set size:undefined disposed:false
349 http fetch GET 200 https://registry.npmjs.org/run-parallel 218ms (cache miss)
350 silly packumentCache full:https://registry.npmjs.org/run-parallel set size:undefined disposed:false
351 silly placeDep ROOT run-parallel@1.2.0 OK for: @nodelib/fs.scandir@2.1.5 want: ^1.1.9
352 silly fetch manifest queue-microtask@^1.2.2
353 silly packumentCache full:https://registry.npmjs.org/queue-microtask cache-miss
354 http fetch GET 200 https://registry.npmjs.org/queue-microtask 203ms (cache miss)
355 silly packumentCache full:https://registry.npmjs.org/queue-microtask set size:undefined disposed:false
356 silly placeDep ROOT reusify@1.0.4 OK for: fastq@1.17.1 want: ^1.0.4
357 silly placeDep ROOT to-regex-range@5.0.1 OK for: fill-range@7.1.1 want: ^5.0.1
358 silly fetch manifest is-number@^7.0.0
359 silly packumentCache full:https://registry.npmjs.org/is-number cache-miss
360 http fetch GET 200 https://registry.npmjs.org/is-number 245ms (cache miss)
361 silly packumentCache full:https://registry.npmjs.org/is-number set size:undefined disposed:false
362 silly placeDep ROOT binary-extensions@2.3.0 OK for: is-binary-path@2.1.0 want: ^2.0.0
363 silly placeDep ROOT is-extglob@2.1.1 OK for: is-glob@4.0.3 want: ^2.1.1
364 silly placeDep ROOT nanoid@3.3.7 OK for: postcss@8.4.45 want: ^3.3.7
365 silly placeDep ROOT source-map-js@1.2.0 OK for: postcss@8.4.45 want: ^1.2.0
366 silly placeDep ROOT postcss-value-parser@4.2.0 OK for: postcss-import@15.1.0 want: ^4.0.0
367 silly placeDep ROOT read-cache@1.0.0 OK for: postcss-import@15.1.0 want: ^1.0.0
368 silly fetch manifest pify@^2.3.0
369 silly packumentCache full:https://registry.npmjs.org/pify cache-miss
370 http fetch GET 200 https://registry.npmjs.org/pify 139ms (cache miss)
371 silly packumentCache full:https://registry.npmjs.org/pify set size:undefined disposed:false
372 silly placeDep ROOT camelcase-css@2.0.1 OK for: postcss-js@4.0.1 want: ^2.0.1
373 silly placeDep node_modules/postcss-load-config lilconfig@3.1.2 OK for: postcss-load-config@4.0.2 want: ^3.0.0
374 silly placeDep ROOT yaml@2.5.1 OK for: postcss-load-config@4.0.2 want: ^2.3.4
375 silly placeDep ROOT cssesc@3.0.0 OK for: postcss-selector-parser@6.1.2 want: ^3.0.0
376 silly placeDep ROOT util-deprecate@1.0.2 OK for: postcss-selector-parser@6.1.2 want: ^1.0.2
377 silly placeDep ROOT pify@2.3.0 OK for: read-cache@1.0.0 want: ^2.3.0
378 silly placeDep ROOT is-core-module@2.15.1 OK for: resolve@1.22.8 want: ^2.13.0
379 silly placeDep ROOT path-parse@1.0.7 OK for: resolve@1.22.8 want: ^1.0.7
380 silly placeDep ROOT supports-preserve-symlinks-flag@1.0.0 OK for: resolve@1.22.8 want: ^1.0.0
381 silly fetch manifest hasown@^2.0.2
382 silly packumentCache full:https://registry.npmjs.org/hasown cache-miss
383 http fetch GET 200 https://registry.npmjs.org/hasown 122ms (cache miss)
384 silly packumentCache full:https://registry.npmjs.org/hasown set size:undefined disposed:false
385 silly placeDep ROOT hasown@2.0.2 OK for: is-core-module@2.15.1 want: ^2.0.2
386 silly fetch manifest function-bind@^1.1.2
387 silly packumentCache full:https://registry.npmjs.org/function-bind cache-miss
388 http fetch GET 200 https://registry.npmjs.org/function-bind 197ms (cache miss)
389 silly packumentCache full:https://registry.npmjs.org/function-bind set size:undefined disposed:false
390 silly placeDep ROOT function-bind@1.1.2 OK for: hasown@2.0.2 want: ^1.1.2
391 silly placeDep ROOT queue-microtask@1.2.3 OK for: run-parallel@1.2.0 want: ^1.2.2
392 silly placeDep ROOT @jridgewell/gen-mapping@0.3.5 OK for: sucrase@3.35.0 want: ^0.3.2
393 silly placeDep ROOT commander@4.1.1 OK for: sucrase@3.35.0 want: ^4.0.0
394 silly placeDep ROOT glob@10.4.5 OK for: sucrase@3.35.0 want: ^10.3.10
395 silly placeDep ROOT lines-and-columns@1.2.4 OK for: sucrase@3.35.0 want: ^1.1.6
396 silly placeDep ROOT mz@2.7.0 OK for: sucrase@3.35.0 want: ^2.7.0
397 silly placeDep ROOT pirates@4.0.6 OK for: sucrase@3.35.0 want: ^4.0.1
398 silly placeDep ROOT ts-interface-checker@0.1.13 OK for: sucrase@3.35.0 want: ^0.1.9
399 silly fetch manifest @jridgewell/set-array@^1.2.1
400 silly packumentCache full:https://registry.npmjs.org/@jridgewell%2fset-array cache-miss
401 silly fetch manifest @jridgewell/trace-mapping@^0.3.24
402 silly packumentCache full:https://registry.npmjs.org/@jridgewell%2ftrace-mapping cache-miss
403 silly fetch manifest @jridgewell/sourcemap-codec@^1.4.10
404 silly packumentCache full:https://registry.npmjs.org/@jridgewell%2fsourcemap-codec cache-miss
405 silly fetch manifest minipass@^7.1.2
406 silly packumentCache full:https://registry.npmjs.org/minipass cache-miss
407 silly fetch manifest jackspeak@^3.1.2
408 silly packumentCache full:https://registry.npmjs.org/jackspeak cache-miss
409 silly fetch manifest minimatch@^9.0.4
410 silly packumentCache full:https://registry.npmjs.org/minimatch cache-miss
411 silly fetch manifest path-scurry@^1.11.1
412 silly packumentCache full:https://registry.npmjs.org/path-scurry cache-miss
413 http fetch GET 200 https://registry.npmjs.org/@jridgewell%2fset-array 176ms (cache miss)
414 silly packumentCache full:https://registry.npmjs.org/@jridgewell%2fset-array set size:undefined disposed:false
415 silly fetch manifest foreground-child@^3.1.0
416 silly packumentCache full:https://registry.npmjs.org/foreground-child cache-miss
417 http fetch GET 200 https://registry.npmjs.org/minimatch 257ms (cache miss)
418 silly packumentCache full:https://registry.npmjs.org/minimatch set size:undefined disposed:false
419 silly fetch manifest package-json-from-dist@^1.0.0
420 silly packumentCache full:https://registry.npmjs.org/package-json-from-dist cache-miss
421 http fetch GET 200 https://registry.npmjs.org/foreground-child 152ms (cache miss)
422 silly packumentCache full:https://registry.npmjs.org/foreground-child set size:undefined disposed:false
423 silly fetch manifest any-promise@^1.0.0
424 silly packumentCache full:https://registry.npmjs.org/any-promise cache-miss
425 http fetch GET 200 https://registry.npmjs.org/package-json-from-dist 122ms (cache miss)
426 silly packumentCache full:https://registry.npmjs.org/package-json-from-dist set size:undefined disposed:false
427 silly fetch manifest object-assign@^4.0.1
428 silly packumentCache full:https://registry.npmjs.org/object-assign cache-miss
429 http fetch GET 200 https://registry.npmjs.org/any-promise 123ms (cache miss)
430 silly packumentCache full:https://registry.npmjs.org/any-promise set size:undefined disposed:false
431 silly fetch manifest thenify-all@^1.0.0
432 silly packumentCache full:https://registry.npmjs.org/thenify-all cache-miss
433 http fetch GET 200 https://registry.npmjs.org/object-assign 119ms (cache miss)
434 silly packumentCache full:https://registry.npmjs.org/object-assign set size:undefined disposed:false
435 http fetch GET 200 https://registry.npmjs.org/thenify-all 124ms (cache miss)
436 silly packumentCache full:https://registry.npmjs.org/thenify-all set size:undefined disposed:false
437 http fetch GET 200 https://registry.npmjs.org/minipass 689ms (cache miss)
438 silly packumentCache full:https://registry.npmjs.org/minipass set size:undefined disposed:false
439 http fetch GET 200 https://registry.npmjs.org/jackspeak 834ms (cache miss)
440 silly packumentCache full:https://registry.npmjs.org/jackspeak set size:undefined disposed:false
441 http fetch GET 200 https://registry.npmjs.org/@jridgewell%2fsourcemap-codec 1160ms (cache miss)
442 silly packumentCache full:https://registry.npmjs.org/@jridgewell%2fsourcemap-codec set size:undefined disposed:false
443 http fetch GET 200 https://registry.npmjs.org/path-scurry 1248ms (cache miss)
444 silly packumentCache full:https://registry.npmjs.org/path-scurry set size:undefined disposed:false
445 http fetch GET 200 https://registry.npmjs.org/@jridgewell%2ftrace-mapping 1497ms (cache miss)
446 silly packumentCache full:https://registry.npmjs.org/@jridgewell%2ftrace-mapping set size:undefined disposed:false
447 silly placeDep ROOT @jridgewell/set-array@1.2.1 OK for: @jridgewell/gen-mapping@0.3.5 want: ^1.2.1
448 silly placeDep ROOT @jridgewell/sourcemap-codec@1.5.0 OK for: @jridgewell/gen-mapping@0.3.5 want: ^1.4.10
449 silly placeDep ROOT @jridgewell/trace-mapping@0.3.25 OK for: @jridgewell/gen-mapping@0.3.5 want: ^0.3.24
450 silly fetch manifest @jridgewell/resolve-uri@^3.1.0
451 silly packumentCache full:https://registry.npmjs.org/@jridgewell%2fresolve-uri cache-miss
452 http fetch GET 200 https://registry.npmjs.org/@jridgewell%2fresolve-uri 193ms (cache miss)
453 silly packumentCache full:https://registry.npmjs.org/@jridgewell%2fresolve-uri set size:undefined disposed:false
454 silly placeDep ROOT @jridgewell/resolve-uri@3.1.2 OK for: @jridgewell/trace-mapping@0.3.25 want: ^3.1.0
455 silly placeDep ROOT foreground-child@3.3.0 OK for: glob@10.4.5 want: ^3.1.0
456 silly placeDep ROOT jackspeak@3.4.3 OK for: glob@10.4.5 want: ^3.1.2
457 silly placeDep ROOT minimatch@9.0.5 OK for: glob@10.4.5 want: ^9.0.4
458 silly placeDep ROOT minipass@7.1.2 OK for: glob@10.4.5 want: ^7.1.2
459 silly placeDep ROOT package-json-from-dist@1.0.0 OK for: glob@10.4.5 want: ^1.0.0
460 silly placeDep ROOT path-scurry@1.11.1 OK for: glob@10.4.5 want: ^1.11.1
461 silly fetch manifest cross-spawn@^7.0.0
462 silly packumentCache full:https://registry.npmjs.org/cross-spawn cache-miss
463 silly fetch manifest signal-exit@^4.0.1
464 silly packumentCache full:https://registry.npmjs.org/signal-exit cache-miss
465 silly fetch manifest @isaacs/cliui@^8.0.2
466 silly packumentCache full:https://registry.npmjs.org/@isaacs%2fcliui cache-miss
467 silly fetch manifest @pkgjs/parseargs@^0.11.0
468 silly packumentCache full:https://registry.npmjs.org/@pkgjs%2fparseargs cache-miss
469 silly fetch manifest brace-expansion@^2.0.1
470 silly packumentCache full:https://registry.npmjs.org/brace-expansion cache-miss
471 silly fetch manifest lru-cache@^10.2.0
472 silly packumentCache full:https://registry.npmjs.org/lru-cache cache-miss
473 http fetch GET 200 https://registry.npmjs.org/cross-spawn 172ms (cache miss)
474 silly packumentCache full:https://registry.npmjs.org/cross-spawn set size:undefined disposed:false
475 http fetch GET 200 https://registry.npmjs.org/signal-exit 175ms (cache miss)
476 silly packumentCache full:https://registry.npmjs.org/signal-exit set size:undefined disposed:false
477 http fetch GET 200 https://registry.npmjs.org/@isaacs%2fcliui 188ms (cache miss)
478 silly packumentCache full:https://registry.npmjs.org/@isaacs%2fcliui set size:undefined disposed:false
479 http fetch GET 200 https://registry.npmjs.org/brace-expansion 228ms (cache miss)
480 silly packumentCache full:https://registry.npmjs.org/brace-expansion set size:undefined disposed:false
481 http fetch GET 200 https://registry.npmjs.org/@pkgjs%2fparseargs 612ms (cache miss)
482 silly packumentCache full:https://registry.npmjs.org/@pkgjs%2fparseargs set size:undefined disposed:false
483 http fetch GET 200 https://registry.npmjs.org/lru-cache 1176ms (cache miss)
484 silly packumentCache full:https://registry.npmjs.org/lru-cache set size:undefined disposed:false
485 silly placeDep ROOT cross-spawn@7.0.3 OK for: foreground-child@3.3.0 want: ^7.0.0
486 silly placeDep ROOT signal-exit@4.1.0 OK for: foreground-child@3.3.0 want: ^4.0.1
487 silly fetch manifest path-key@^3.1.0
488 silly packumentCache full:https://registry.npmjs.org/path-key cache-miss
489 silly fetch manifest shebang-command@^2.0.0
490 silly packumentCache full:https://registry.npmjs.org/shebang-command cache-miss
491 silly fetch manifest which@^2.0.1
492 silly packumentCache full:https://registry.npmjs.org/which cache-miss
493 http fetch GET 200 https://registry.npmjs.org/shebang-command 120ms (cache miss)
494 silly packumentCache full:https://registry.npmjs.org/shebang-command set size:undefined disposed:false
495 http fetch GET 200 https://registry.npmjs.org/path-key 129ms (cache miss)
496 silly packumentCache full:https://registry.npmjs.org/path-key set size:undefined disposed:false
497 http fetch GET 200 https://registry.npmjs.org/which 188ms (cache miss)
498 silly packumentCache full:https://registry.npmjs.org/which set size:undefined disposed:false
499 silly placeDep ROOT path-key@3.1.1 OK for: cross-spawn@7.0.3 want: ^3.1.0
500 silly placeDep ROOT shebang-command@2.0.0 OK for: cross-spawn@7.0.3 want: ^2.0.0
501 silly placeDep ROOT which@2.0.2 OK for: cross-spawn@7.0.3 want: ^2.0.1
502 silly fetch manifest shebang-regex@^3.0.0
503 silly packumentCache full:https://registry.npmjs.org/shebang-regex cache-miss
504 silly fetch manifest isexe@^2.0.0
505 silly packumentCache full:https://registry.npmjs.org/isexe cache-miss
506 http fetch GET 200 https://registry.npmjs.org/shebang-regex 128ms (cache miss)
507 silly packumentCache full:https://registry.npmjs.org/shebang-regex set size:undefined disposed:false
508 http fetch GET 200 https://registry.npmjs.org/isexe 145ms (cache miss)
509 silly packumentCache full:https://registry.npmjs.org/isexe set size:undefined disposed:false
510 silly placeDep ROOT @isaacs/cliui@8.0.2 OK for: jackspeak@3.4.3 want: ^8.0.2
511 silly placeDep ROOT @pkgjs/parseargs@0.11.0 OK for: jackspeak@3.4.3 want: ^0.11.0
512 silly fetch manifest string-width@^5.1.2
513 silly packumentCache full:https://registry.npmjs.org/string-width cache-miss
514 silly fetch manifest string-width-cjs@npm:string-width@^4.2.0
515 silly packumentCache full:https://registry.npmjs.org/string-width cache-miss
516 silly fetch manifest strip-ansi@^7.0.1
517 silly packumentCache full:https://registry.npmjs.org/strip-ansi cache-miss
518 silly fetch manifest strip-ansi-cjs@npm:strip-ansi@^6.0.1
519 silly packumentCache full:https://registry.npmjs.org/strip-ansi cache-miss
520 silly fetch manifest wrap-ansi@^8.1.0
521 silly packumentCache full:https://registry.npmjs.org/wrap-ansi cache-miss
522 silly fetch manifest wrap-ansi-cjs@npm:wrap-ansi@^7.0.0
523 silly packumentCache full:https://registry.npmjs.org/wrap-ansi cache-miss
524 http fetch GET 200 https://registry.npmjs.org/strip-ansi 136ms (cache miss)
525 silly packumentCache full:https://registry.npmjs.org/strip-ansi set size:undefined disposed:false
526 http fetch GET 200 https://registry.npmjs.org/strip-ansi 138ms (cache miss)
527 silly packumentCache full:https://registry.npmjs.org/strip-ansi set size:undefined disposed:false
528 http fetch GET 200 https://registry.npmjs.org/wrap-ansi 176ms (cache miss)
529 silly packumentCache full:https://registry.npmjs.org/wrap-ansi set size:undefined disposed:false
530 http fetch GET 200 https://registry.npmjs.org/wrap-ansi 246ms (cache miss)
531 silly packumentCache full:https://registry.npmjs.org/wrap-ansi set size:undefined disposed:false
532 http fetch GET 200 https://registry.npmjs.org/string-width 362ms (cache miss)
533 silly packumentCache full:https://registry.npmjs.org/string-width set size:undefined disposed:false
534 http fetch GET 200 https://registry.npmjs.org/string-width 495ms (cache miss)
535 silly packumentCache full:https://registry.npmjs.org/string-width set size:undefined disposed:false
536 silly placeDep ROOT string-width@5.1.2 OK for: @isaacs/cliui@8.0.2 want: ^5.1.2
537 silly placeDep ROOT string-width-cjs@4.2.3 OK for: @isaacs/cliui@8.0.2 want: npm:string-width@^4.2.0
538 silly placeDep ROOT strip-ansi@7.1.0 OK for: @isaacs/cliui@8.0.2 want: ^7.0.1
539 silly placeDep ROOT strip-ansi-cjs@6.0.1 OK for: @isaacs/cliui@8.0.2 want: npm:strip-ansi@^6.0.1
540 silly placeDep ROOT wrap-ansi@8.1.0 OK for: @isaacs/cliui@8.0.2 want: ^8.1.0
541 silly placeDep ROOT wrap-ansi-cjs@7.0.0 OK for: @isaacs/cliui@8.0.2 want: npm:wrap-ansi@^7.0.0
542 silly fetch manifest emoji-regex@^9.2.2
543 silly packumentCache full:https://registry.npmjs.org/emoji-regex cache-miss
544 silly fetch manifest eastasianwidth@^0.2.0
545 silly packumentCache full:https://registry.npmjs.org/eastasianwidth cache-miss
546 silly fetch manifest strip-ansi@^6.0.1
547 silly packumentCache full:https://registry.npmjs.org/strip-ansi cache-miss
548 silly fetch manifest emoji-regex@^8.0.0
549 silly packumentCache full:https://registry.npmjs.org/emoji-regex cache-miss
550 silly fetch manifest is-fullwidth-code-point@^3.0.0
551 silly packumentCache full:https://registry.npmjs.org/is-fullwidth-code-point cache-miss
552 silly fetch manifest ansi-regex@^6.0.1
553 silly packumentCache full:https://registry.npmjs.org/ansi-regex cache-miss
554 silly fetch manifest ansi-regex@^5.0.1
555 silly packumentCache full:https://registry.npmjs.org/ansi-regex cache-miss
556 http fetch GET 200 https://registry.npmjs.org/strip-ansi 15ms (cache hit)
557 silly packumentCache full:https://registry.npmjs.org/strip-ansi set size:43180 disposed:false
558 silly fetch manifest ansi-styles@^6.1.0
559 silly packumentCache full:https://registry.npmjs.org/ansi-styles cache-miss
560 http fetch GET 200 https://registry.npmjs.org/eastasianwidth 133ms (cache miss)
561 silly packumentCache full:https://registry.npmjs.org/eastasianwidth set size:undefined disposed:false
562 silly fetch manifest ansi-styles@^4.0.0
563 silly packumentCache full:https://registry.npmjs.org/ansi-styles cache-miss
564 http fetch GET 200 https://registry.npmjs.org/is-fullwidth-code-point 138ms (cache miss)
565 silly packumentCache full:https://registry.npmjs.org/is-fullwidth-code-point set size:undefined disposed:false
566 silly fetch manifest string-width@^4.1.0
567 silly packumentCache full:https://registry.npmjs.org/string-width cache-miss
568 http fetch GET 200 https://registry.npmjs.org/string-width 3ms (cache hit)
569 silly packumentCache full:https://registry.npmjs.org/string-width set size:61460 disposed:false
570 silly fetch manifest strip-ansi@^6.0.0
571 silly packumentCache full:https://registry.npmjs.org/strip-ansi cache-hit
572 http fetch GET 200 https://registry.npmjs.org/emoji-regex 147ms (cache miss)
573 silly packumentCache full:https://registry.npmjs.org/emoji-regex set size:undefined disposed:false
574 http fetch GET 200 https://registry.npmjs.org/ansi-styles 155ms (cache miss)
575 silly packumentCache full:https://registry.npmjs.org/ansi-styles set size:undefined disposed:false
576 http fetch GET 200 https://registry.npmjs.org/ansi-regex 298ms (cache miss)
577 silly packumentCache full:https://registry.npmjs.org/ansi-regex set size:undefined disposed:false
578 http fetch GET 200 https://registry.npmjs.org/ansi-regex 451ms (cache miss)
579 silly packumentCache full:https://registry.npmjs.org/ansi-regex set size:undefined disposed:false
580 http fetch GET 200 https://registry.npmjs.org/emoji-regex 460ms (cache miss)
581 silly packumentCache full:https://registry.npmjs.org/emoji-regex set size:undefined disposed:false
582 http fetch GET 200 https://registry.npmjs.org/ansi-styles 579ms (cache miss)
583 silly packumentCache full:https://registry.npmjs.org/ansi-styles set size:undefined disposed:false
584 silly placeDep ROOT brace-expansion@2.0.1 OK for: minimatch@9.0.5 want: ^2.0.1
585 silly fetch manifest balanced-match@^1.0.0
586 silly packumentCache full:https://registry.npmjs.org/balanced-match cache-miss
587 http fetch GET 200 https://registry.npmjs.org/balanced-match 161ms (cache miss)
588 silly packumentCache full:https://registry.npmjs.org/balanced-match set size:undefined disposed:false
589 silly placeDep ROOT balanced-match@1.0.2 OK for: brace-expansion@2.0.1 want: ^1.0.0
590 silly placeDep ROOT any-promise@1.3.0 OK for: mz@2.7.0 want: ^1.0.0
591 silly placeDep ROOT object-assign@4.1.1 OK for: mz@2.7.0 want: ^4.0.1
592 silly placeDep ROOT thenify-all@1.6.0 OK for: mz@2.7.0 want: ^1.0.0
593 silly fetch manifest thenify@>= 3.1.0 < 4
594 silly packumentCache full:https://registry.npmjs.org/thenify cache-miss
595 http fetch GET 200 https://registry.npmjs.org/thenify 128ms (cache miss)
596 silly packumentCache full:https://registry.npmjs.org/thenify set size:undefined disposed:false
597 silly placeDep ROOT lru-cache@10.4.3 OK for: path-scurry@1.11.1 want: ^10.2.0
598 silly placeDep ROOT shebang-regex@3.0.0 OK for: shebang-command@2.0.0 want: ^3.0.0
599 silly placeDep ROOT eastasianwidth@0.2.0 OK for: string-width@5.1.2 want: ^0.2.0
600 silly placeDep ROOT emoji-regex@9.2.2 OK for: string-width@5.1.2 want: ^9.2.2
601 silly placeDep node_modules/string-width-cjs emoji-regex@8.0.0 OK for: string-width@4.2.3 want: ^8.0.0
602 silly placeDep ROOT is-fullwidth-code-point@3.0.0 OK for: string-width@4.2.3 want: ^3.0.0
603 silly placeDep node_modules/string-width-cjs strip-ansi@6.0.1 OK for: string-width@4.2.3 want: ^6.0.1
604 silly placeDep ROOT ansi-regex@6.0.1 OK for: strip-ansi@7.1.0 want: ^6.0.1
605 silly placeDep node_modules/strip-ansi-cjs ansi-regex@5.0.1 OK for: strip-ansi@6.0.1 want: ^5.0.1
606 silly placeDep ROOT thenify@3.3.1 OK for: thenify-all@1.6.0 want: >= 3.1.0 < 4
607 silly placeDep ROOT is-number@7.0.0 OK for: to-regex-range@5.0.1 want: ^7.0.0
608 silly placeDep ROOT isexe@2.0.0 OK for: which@2.0.2 want: ^2.0.0
609 silly placeDep ROOT ansi-styles@6.2.1 OK for: wrap-ansi@8.1.0 want: ^6.1.0
610 silly placeDep node_modules/wrap-ansi-cjs ansi-styles@4.3.0 OK for: wrap-ansi@7.0.0 want: ^4.0.0
611 silly placeDep node_modules/wrap-ansi-cjs string-width@4.2.3 OK for: wrap-ansi@7.0.0 want: ^4.1.0
612 silly placeDep node_modules/wrap-ansi-cjs strip-ansi@6.0.1 OK for: wrap-ansi@7.0.0 want: ^6.0.0
613 silly fetch manifest color-convert@^2.0.1
614 silly packumentCache full:https://registry.npmjs.org/color-convert cache-miss
615 http fetch GET 200 https://registry.npmjs.org/color-convert 156ms (cache miss)
616 silly packumentCache full:https://registry.npmjs.org/color-convert set size:undefined disposed:false
617 silly placeDep node_modules/string-width-cjs ansi-regex@5.0.1 OK for: strip-ansi@6.0.1 want: ^5.0.1
618 silly placeDep ROOT color-convert@2.0.1 OK for: ansi-styles@4.3.0 want: ^2.0.1
619 silly fetch manifest color-name@~1.1.4
620 silly packumentCache full:https://registry.npmjs.org/color-name cache-miss
621 http fetch GET 200 https://registry.npmjs.org/color-name 223ms (cache miss)
622 silly packumentCache full:https://registry.npmjs.org/color-name set size:undefined disposed:false
623 silly placeDep ROOT color-name@1.1.4 OK for: color-convert@2.0.1 want: ~1.1.4
624 silly placeDep node_modules/wrap-ansi-cjs emoji-regex@8.0.0 OK for: string-width@4.2.3 want: ^8.0.0
625 silly placeDep node_modules/wrap-ansi-cjs ansi-regex@5.0.1 OK for: strip-ansi@6.0.1 want: ^5.0.1
626 silly reify moves {}
627 verbose reify failed optional dependency C:\Users\cis2\Documents\Desain\septian-devi\node_modules\fsevents
628 silly reify mark deleted [
628 silly reify   'C:\\Users\\cis2\\Documents\\Desain\\septian-devi\\node_modules\\fsevents'
628 silly reify ]
629 silly tarball no local data for ansi-styles@https://registry.npmjs.org/ansi-styles/-/ansi-styles-6.2.1.tgz. Extracting by manifest.
630 silly tarball no local data for is-number@https://registry.npmjs.org/is-number/-/is-number-7.0.0.tgz. Extracting by manifest.
631 silly tarball no local data for color-name@https://registry.npmjs.org/color-name/-/color-name-1.1.4.tgz. Extracting by manifest.
632 silly tarball no local data for isexe@https://registry.npmjs.org/isexe/-/isexe-2.0.0.tgz. Extracting by manifest.
633 silly tarball no local data for thenify@https://registry.npmjs.org/thenify/-/thenify-3.3.1.tgz. Extracting by manifest.
634 silly tarball no local data for is-fullwidth-code-point@https://registry.npmjs.org/is-fullwidth-code-point/-/is-fullwidth-code-point-3.0.0.tgz. Extracting by manifest.
635 silly tarball no local data for ansi-regex@https://registry.npmjs.org/ansi-regex/-/ansi-regex-6.0.1.tgz. Extracting by manifest.
636 silly tarball no local data for emoji-regex@https://registry.npmjs.org/emoji-regex/-/emoji-regex-9.2.2.tgz. Extracting by manifest.
637 silly tarball no local data for color-convert@https://registry.npmjs.org/color-convert/-/color-convert-2.0.1.tgz. Extracting by manifest.
638 silly tarball no local data for thenify-all@https://registry.npmjs.org/thenify-all/-/thenify-all-1.6.0.tgz. Extracting by manifest.
639 silly tarball no local data for object-assign@https://registry.npmjs.org/object-assign/-/object-assign-4.1.1.tgz. Extracting by manifest.
640 silly tarball no local data for lru-cache@https://registry.npmjs.org/lru-cache/-/lru-cache-10.4.3.tgz. Extracting by manifest.
641 silly tarball no local data for eastasianwidth@https://registry.npmjs.org/eastasianwidth/-/eastasianwidth-0.2.0.tgz. Extracting by manifest.
642 silly tarball no local data for balanced-match@https://registry.npmjs.org/balanced-match/-/balanced-match-1.0.2.tgz. Extracting by manifest.
643 silly tarball no local data for any-promise@https://registry.npmjs.org/any-promise/-/any-promise-1.3.0.tgz. Extracting by manifest.
644 silly tarball no local data for shebang-regex@https://registry.npmjs.org/shebang-regex/-/shebang-regex-3.0.0.tgz. Extracting by manifest.
645 silly tarball no local data for wrap-ansi-cjs@https://registry.npmjs.org/wrap-ansi/-/wrap-ansi-7.0.0.tgz. Extracting by manifest.
646 silly tarball no local data for brace-expansion@https://registry.npmjs.org/brace-expansion/-/brace-expansion-2.0.1.tgz. Extracting by manifest.
647 silly tarball no local data for wrap-ansi@https://registry.npmjs.org/wrap-ansi/-/wrap-ansi-8.1.0.tgz. Extracting by manifest.
648 silly tarball no local data for strip-ansi-cjs@https://registry.npmjs.org/strip-ansi/-/strip-ansi-6.0.1.tgz. Extracting by manifest.
649 silly tarball no local data for strip-ansi@https://registry.npmjs.org/strip-ansi/-/strip-ansi-7.1.0.tgz. Extracting by manifest.
650 silly tarball no local data for string-width-cjs@https://registry.npmjs.org/string-width/-/string-width-4.2.3.tgz. Extracting by manifest.
651 silly tarball no local data for @pkgjs/parseargs@https://registry.npmjs.org/@pkgjs/parseargs/-/parseargs-0.11.0.tgz. Extracting by manifest.
652 silly tarball no local data for @isaacs/cliui@https://registry.npmjs.org/@isaacs/cliui/-/cliui-8.0.2.tgz. Extracting by manifest.
653 silly tarball no local data for string-width@https://registry.npmjs.org/string-width/-/string-width-5.1.2.tgz. Extracting by manifest.
654 silly tarball no local data for which@https://registry.npmjs.org/which/-/which-2.0.2.tgz. Extracting by manifest.
655 silly tarball no local data for path-key@https://registry.npmjs.org/path-key/-/path-key-3.1.1.tgz. Extracting by manifest.
656 silly tarball no local data for shebang-command@https://registry.npmjs.org/shebang-command/-/shebang-command-2.0.0.tgz. Extracting by manifest.
657 silly tarball no local data for signal-exit@https://registry.npmjs.org/signal-exit/-/signal-exit-4.1.0.tgz. Extracting by manifest.
658 silly tarball no local data for cross-spawn@https://registry.npmjs.org/cross-spawn/-/cross-spawn-7.0.3.tgz. Extracting by manifest.
659 silly tarball no local data for path-scurry@https://registry.npmjs.org/path-scurry/-/path-scurry-1.11.1.tgz. Extracting by manifest.
660 silly tarball no local data for minipass@https://registry.npmjs.org/minipass/-/minipass-7.1.2.tgz. Extracting by manifest.
661 silly tarball no local data for foreground-child@https://registry.npmjs.org/foreground-child/-/foreground-child-3.3.0.tgz. Extracting by manifest.
662 silly tarball no local data for package-json-from-dist@https://registry.npmjs.org/package-json-from-dist/-/package-json-from-dist-1.0.0.tgz. Extracting by manifest.
663 silly tarball no local data for jackspeak@https://registry.npmjs.org/jackspeak/-/jackspeak-3.4.3.tgz. Extracting by manifest.
664 silly tarball no local data for minimatch@https://registry.npmjs.org/minimatch/-/minimatch-9.0.5.tgz. Extracting by manifest.
665 silly tarball no local data for @jridgewell/resolve-uri@https://registry.npmjs.org/@jridgewell/resolve-uri/-/resolve-uri-3.1.2.tgz. Extracting by manifest.
666 silly tarball no local data for @jridgewell/trace-mapping@https://registry.npmjs.org/@jridgewell/trace-mapping/-/trace-mapping-0.3.25.tgz. Extracting by manifest.
667 silly tarball no local data for @jridgewell/set-array@https://registry.npmjs.org/@jridgewell/set-array/-/set-array-1.2.1.tgz. Extracting by manifest.
668 silly tarball no local data for @jridgewell/sourcemap-codec@https://registry.npmjs.org/@jridgewell/sourcemap-codec/-/sourcemap-codec-1.5.0.tgz. Extracting by manifest.
669 silly tarball no local data for ts-interface-checker@https://registry.npmjs.org/ts-interface-checker/-/ts-interface-checker-0.1.13.tgz. Extracting by manifest.
670 silly tarball no local data for pirates@https://registry.npmjs.org/pirates/-/pirates-4.0.6.tgz. Extracting by manifest.
671 silly tarball no local data for lines-and-columns@https://registry.npmjs.org/lines-and-columns/-/lines-and-columns-1.2.4.tgz. Extracting by manifest.
672 silly tarball no local data for mz@https://registry.npmjs.org/mz/-/mz-2.7.0.tgz. Extracting by manifest.
673 silly tarball no local data for commander@https://registry.npmjs.org/commander/-/commander-4.1.1.tgz. Extracting by manifest.
674 silly tarball no local data for glob@https://registry.npmjs.org/glob/-/glob-10.4.5.tgz. Extracting by manifest.
675 silly tarball no local data for function-bind@https://registry.npmjs.org/function-bind/-/function-bind-1.1.2.tgz. Extracting by manifest.
676 silly tarball no local data for @jridgewell/gen-mapping@https://registry.npmjs.org/@jridgewell/gen-mapping/-/gen-mapping-0.3.5.tgz. Extracting by manifest.
677 silly tarball no local data for queue-microtask@https://registry.npmjs.org/queue-microtask/-/queue-microtask-1.2.3.tgz. Extracting by manifest.
678 silly tarball no local data for hasown@https://registry.npmjs.org/hasown/-/hasown-2.0.2.tgz. Extracting by manifest.
679 silly tarball no local data for supports-preserve-symlinks-flag@https://registry.npmjs.org/supports-preserve-symlinks-flag/-/supports-preserve-symlinks-flag-1.0.0.tgz. Extracting by manifest.
680 silly tarball no local data for path-parse@https://registry.npmjs.org/path-parse/-/path-parse-1.0.7.tgz. Extracting by manifest.
681 silly tarball no local data for is-core-module@https://registry.npmjs.org/is-core-module/-/is-core-module-2.15.1.tgz. Extracting by manifest.
682 silly tarball no local data for pify@https://registry.npmjs.org/pify/-/pify-2.3.0.tgz. Extracting by manifest.
683 silly tarball no local data for cssesc@https://registry.npmjs.org/cssesc/-/cssesc-3.0.0.tgz. Extracting by manifest.
684 silly tarball no local data for util-deprecate@https://registry.npmjs.org/util-deprecate/-/util-deprecate-1.0.2.tgz. Extracting by manifest.
685 silly tarball no local data for camelcase-css@https://registry.npmjs.org/camelcase-css/-/camelcase-css-2.0.1.tgz. Extracting by manifest.
686 silly tarball no local data for yaml@https://registry.npmjs.org/yaml/-/yaml-2.5.1.tgz. Extracting by manifest.
687 silly tarball no local data for postcss-value-parser@https://registry.npmjs.org/postcss-value-parser/-/postcss-value-parser-4.2.0.tgz. Extracting by manifest.
688 silly tarball no local data for read-cache@https://registry.npmjs.org/read-cache/-/read-cache-1.0.0.tgz. Extracting by manifest.
689 silly tarball no local data for is-extglob@https://registry.npmjs.org/is-extglob/-/is-extglob-2.1.1.tgz. Extracting by manifest.
690 silly tarball no local data for source-map-js@https://registry.npmjs.org/source-map-js/-/source-map-js-1.2.0.tgz. Extracting by manifest.
691 silly tarball no local data for nanoid@https://registry.npmjs.org/nanoid/-/nanoid-3.3.7.tgz. Extracting by manifest.
692 silly tarball no local data for to-regex-range@https://registry.npmjs.org/to-regex-range/-/to-regex-range-5.0.1.tgz. Extracting by manifest.
693 silly tarball no local data for reusify@https://registry.npmjs.org/reusify/-/reusify-1.0.4.tgz. Extracting by manifest.
694 silly tarball no local data for run-parallel@https://registry.npmjs.org/run-parallel/-/run-parallel-1.2.0.tgz. Extracting by manifest.
695 silly tarball no local data for fastq@https://registry.npmjs.org/fastq/-/fastq-1.17.1.tgz. Extracting by manifest.
696 silly tarball no local data for binary-extensions@https://registry.npmjs.org/binary-extensions/-/binary-extensions-2.3.0.tgz. Extracting by manifest.
697 silly tarball no local data for merge2@https://registry.npmjs.org/merge2/-/merge2-1.4.1.tgz. Extracting by manifest.
698 silly tarball no local data for fill-range@https://registry.npmjs.org/fill-range/-/fill-range-7.1.1.tgz. Extracting by manifest.
699 silly tarball no local data for @nodelib/fs.stat@https://registry.npmjs.org/@nodelib/fs.stat/-/fs.stat-2.0.5.tgz. Extracting by manifest.
700 silly tarball no local data for @nodelib/fs.scandir@https://registry.npmjs.org/@nodelib/fs.scandir/-/fs.scandir-2.1.5.tgz. Extracting by manifest.
701 silly tarball no local data for readdirp@https://registry.npmjs.org/readdirp/-/readdirp-3.6.0.tgz. Extracting by manifest.
702 silly tarball no local data for picomatch@https://registry.npmjs.org/picomatch/-/picomatch-2.3.1.tgz. Extracting by manifest.
703 silly tarball no local data for braces@https://registry.npmjs.org/braces/-/braces-3.0.3.tgz. Extracting by manifest.
704 silly tarball no local data for @nodelib/fs.walk@https://registry.npmjs.org/@nodelib/fs.walk/-/fs.walk-1.2.8.tgz. Extracting by manifest.
705 silly tarball no local data for anymatch@https://registry.npmjs.org/anymatch/-/anymatch-3.1.3.tgz. Extracting by manifest.
706 silly tarball no local data for is-binary-path@https://registry.npmjs.org/is-binary-path/-/is-binary-path-2.1.0.tgz. Extracting by manifest.
707 silly tarball no local data for resolve@https://registry.npmjs.org/resolve/-/resolve-1.22.8.tgz. Extracting by manifest.
708 silly tarball no local data for sucrase@https://registry.npmjs.org/sucrase/-/sucrase-3.35.0.tgz. Extracting by manifest.
709 silly tarball no local data for postcss-selector-parser@https://registry.npmjs.org/postcss-selector-parser/-/postcss-selector-parser-6.1.2.tgz. Extracting by manifest.
710 silly tarball no local data for postcss-nested@https://registry.npmjs.org/postcss-nested/-/postcss-nested-6.2.0.tgz. Extracting by manifest.
711 silly tarball no local data for postcss-js@https://registry.npmjs.org/postcss-js/-/postcss-js-4.0.1.tgz. Extracting by manifest.
712 silly tarball no local data for postcss@https://registry.npmjs.org/postcss/-/postcss-8.4.45.tgz. Extracting by manifest.
713 silly tarball no local data for postcss-import@https://registry.npmjs.org/postcss-import/-/postcss-import-15.1.0.tgz. Extracting by manifest.
714 silly tarball no local data for object-hash@https://registry.npmjs.org/object-hash/-/object-hash-3.0.0.tgz. Extracting by manifest.
715 silly tarball no local data for picocolors@https://registry.npmjs.org/picocolors/-/picocolors-1.1.0.tgz. Extracting by manifest.
716 silly tarball no local data for normalize-path@https://registry.npmjs.org/normalize-path/-/normalize-path-3.0.0.tgz. Extracting by manifest.
717 silly tarball no local data for postcss-load-config@https://registry.npmjs.org/postcss-load-config/-/postcss-load-config-4.0.2.tgz. Extracting by manifest.
718 silly tarball no local data for jiti@https://registry.npmjs.org/jiti/-/jiti-1.21.6.tgz. Extracting by manifest.
719 silly tarball no local data for micromatch@https://registry.npmjs.org/micromatch/-/micromatch-4.0.8.tgz. Extracting by manifest.
720 silly tarball no local data for is-glob@https://registry.npmjs.org/is-glob/-/is-glob-4.0.3.tgz. Extracting by manifest.
721 silly tarball no local data for fast-glob@https://registry.npmjs.org/fast-glob/-/fast-glob-3.3.2.tgz. Extracting by manifest.
722 silly tarball no local data for glob-parent@https://registry.npmjs.org/glob-parent/-/glob-parent-6.0.2.tgz. Extracting by manifest.
723 silly tarball no local data for lilconfig@https://registry.npmjs.org/lilconfig/-/lilconfig-2.1.0.tgz. Extracting by manifest.
724 silly tarball no local data for dlv@https://registry.npmjs.org/dlv/-/dlv-1.1.3.tgz. Extracting by manifest.
725 silly tarball no local data for arg@https://registry.npmjs.org/arg/-/arg-5.0.2.tgz. Extracting by manifest.
726 silly tarball no local data for didyoumean@https://registry.npmjs.org/didyoumean/-/didyoumean-1.2.2.tgz. Extracting by manifest.
727 silly tarball no local data for chokidar@https://registry.npmjs.org/chokidar/-/chokidar-3.6.0.tgz. Extracting by manifest.
728 silly tarball no local data for tailwindcss@https://registry.npmjs.org/tailwindcss/-/tailwindcss-3.4.10.tgz. Extracting by manifest.
729 silly tarball no local data for emoji-regex@https://registry.npmjs.org/emoji-regex/-/emoji-regex-8.0.0.tgz. Extracting by manifest.
730 silly tarball no local data for ansi-regex@https://registry.npmjs.org/ansi-regex/-/ansi-regex-5.0.1.tgz. Extracting by manifest.
731 silly tarball no local data for @alloc/quick-lru@https://registry.npmjs.org/@alloc/quick-lru/-/quick-lru-5.2.0.tgz. Extracting by manifest.
732 silly tarball no local data for ansi-regex@https://registry.npmjs.org/ansi-regex/-/ansi-regex-5.0.1.tgz. Extracting by manifest.
733 silly tarball no local data for strip-ansi@https://registry.npmjs.org/strip-ansi/-/strip-ansi-6.0.1.tgz. Extracting by manifest.
734 silly tarball no local data for ansi-styles@https://registry.npmjs.org/ansi-styles/-/ansi-styles-4.3.0.tgz. Extracting by manifest.
735 silly tarball no local data for emoji-regex@https://registry.npmjs.org/emoji-regex/-/emoji-regex-8.0.0.tgz. Extracting by manifest.
736 silly tarball no local data for lilconfig@https://registry.npmjs.org/lilconfig/-/lilconfig-3.1.2.tgz. Extracting by manifest.
737 silly tarball no local data for strip-ansi@https://registry.npmjs.org/strip-ansi/-/strip-ansi-6.0.1.tgz. Extracting by manifest.
738 silly tarball no local data for string-width@https://registry.npmjs.org/string-width/-/string-width-4.2.3.tgz. Extracting by manifest.
739 silly tarball no local data for glob-parent@https://registry.npmjs.org/glob-parent/-/glob-parent-5.1.2.tgz. Extracting by manifest.
740 silly tarball no local data for ansi-regex@https://registry.npmjs.org/ansi-regex/-/ansi-regex-5.0.1.tgz. Extracting by manifest.
741 silly tarball no local data for glob-parent@https://registry.npmjs.org/glob-parent/-/glob-parent-5.1.2.tgz. Extracting by manifest.
742 http fetch GET 200 https://registry.npmjs.org/is-fullwidth-code-point/-/is-fullwidth-code-point-3.0.0.tgz 253ms (cache miss)
743 http fetch GET 200 https://registry.npmjs.org/thenify/-/thenify-3.3.1.tgz 254ms (cache miss)
744 http fetch GET 200 https://registry.npmjs.org/is-number/-/is-number-7.0.0.tgz 255ms (cache miss)
745 http fetch GET 200 https://registry.npmjs.org/ansi-regex/-/ansi-regex-6.0.1.tgz 255ms (cache miss)
746 http fetch GET 200 https://registry.npmjs.org/color-name/-/color-name-1.1.4.tgz 263ms (cache miss)
747 http fetch GET 200 https://registry.npmjs.org/ansi-styles/-/ansi-styles-6.2.1.tgz 269ms (cache miss)
748 http fetch GET 200 https://registry.npmjs.org/isexe/-/isexe-2.0.0.tgz 273ms (cache miss)
749 http fetch GET 200 https://registry.npmjs.org/shebang-regex/-/shebang-regex-3.0.0.tgz 287ms (cache miss)
750 http fetch GET 200 https://registry.npmjs.org/wrap-ansi/-/wrap-ansi-8.1.0.tgz 318ms (cache miss)
751 http fetch GET 200 https://registry.npmjs.org/brace-expansion/-/brace-expansion-2.0.1.tgz 389ms (cache miss)
752 http fetch GET 200 https://registry.npmjs.org/wrap-ansi/-/wrap-ansi-7.0.0.tgz 389ms (cache miss)
753 http fetch GET 200 https://registry.npmjs.org/strip-ansi/-/strip-ansi-7.1.0.tgz 388ms (cache miss)
754 http fetch GET 200 https://registry.npmjs.org/strip-ansi/-/strip-ansi-6.0.1.tgz 389ms (cache miss)
755 http fetch GET 200 https://registry.npmjs.org/string-width/-/string-width-4.2.3.tgz 406ms (cache miss)
756 http fetch GET 200 https://registry.npmjs.org/string-width/-/string-width-5.1.2.tgz 472ms (cache miss)
757 http fetch GET 200 https://registry.npmjs.org/@isaacs/cliui/-/cliui-8.0.2.tgz 473ms (cache miss)
758 http fetch GET 200 https://registry.npmjs.org/shebang-command/-/shebang-command-2.0.0.tgz 493ms (cache miss)
759 http fetch GET 200 https://registry.npmjs.org/path-key/-/path-key-3.1.1.tgz 520ms (cache miss)
760 http fetch GET 200 https://registry.npmjs.org/which/-/which-2.0.2.tgz 520ms (cache miss)
761 http fetch GET 200 https://registry.npmjs.org/object-assign/-/object-assign-4.1.1.tgz 562ms (cache miss)
762 http fetch GET 200 https://registry.npmjs.org/@pkgjs/parseargs/-/parseargs-0.11.0.tgz 586ms (cache miss)
763 http fetch GET 200 https://registry.npmjs.org/balanced-match/-/balanced-match-1.0.2.tgz 598ms (cache miss)
764 http fetch GET 200 https://registry.npmjs.org/eastasianwidth/-/eastasianwidth-0.2.0.tgz 600ms (cache miss)
765 http fetch GET 200 https://registry.npmjs.org/color-convert/-/color-convert-2.0.1.tgz 603ms (cache miss)
766 http fetch GET 200 https://registry.npmjs.org/emoji-regex/-/emoji-regex-9.2.2.tgz 618ms (cache miss)
767 http fetch GET 200 https://registry.npmjs.org/any-promise/-/any-promise-1.3.0.tgz 637ms (cache miss)
768 http fetch GET 200 https://registry.npmjs.org/cross-spawn/-/cross-spawn-7.0.3.tgz 662ms (cache miss)
769 http fetch GET 200 https://registry.npmjs.org/package-json-from-dist/-/package-json-from-dist-1.0.0.tgz 830ms (cache miss)
770 http fetch GET 200 https://registry.npmjs.org/@jridgewell/set-array/-/set-array-1.2.1.tgz 840ms (cache miss)
771 http fetch GET 200 https://registry.npmjs.org/foreground-child/-/foreground-child-3.3.0.tgz 852ms (cache miss)
772 http fetch GET 200 https://registry.npmjs.org/minipass/-/minipass-7.1.2.tgz 975ms (cache miss)
773 http fetch GET 200 https://registry.npmjs.org/mz/-/mz-2.7.0.tgz 971ms (cache miss)
774 http fetch GET 200 https://registry.npmjs.org/pirates/-/pirates-4.0.6.tgz 995ms (cache miss)
775 http fetch GET 200 https://registry.npmjs.org/lines-and-columns/-/lines-and-columns-1.2.4.tgz 1097ms (cache miss)
776 http fetch GET 200 https://registry.npmjs.org/path-scurry/-/path-scurry-1.11.1.tgz 1174ms (cache miss)
777 http fetch GET 200 https://registry.npmjs.org/commander/-/commander-4.1.1.tgz 1169ms (cache miss)
778 http fetch GET 200 https://registry.npmjs.org/@jridgewell/gen-mapping/-/gen-mapping-0.3.5.tgz 1255ms (cache miss)
779 http fetch GET 200 https://registry.npmjs.org/supports-preserve-symlinks-flag/-/supports-preserve-symlinks-flag-1.0.0.tgz 1268ms (cache miss)
780 http fetch GET 200 https://registry.npmjs.org/hasown/-/hasown-2.0.2.tgz 1269ms (cache miss)
781 http fetch GET 200 https://registry.npmjs.org/thenify-all/-/thenify-all-1.6.0.tgz 1335ms (cache miss)
782 http fetch GET 200 https://registry.npmjs.org/queue-microtask/-/queue-microtask-1.2.3.tgz 1313ms (cache miss)
783 http fetch GET 200 https://registry.npmjs.org/lru-cache/-/lru-cache-10.4.3.tgz 1359ms (cache miss)
784 http fetch GET 200 https://registry.npmjs.org/@jridgewell/resolve-uri/-/resolve-uri-3.1.2.tgz 1350ms (cache miss)
785 http fetch GET 200 https://registry.npmjs.org/jackspeak/-/jackspeak-3.4.3.tgz 1390ms (cache miss)
786 http fetch GET 200 https://registry.npmjs.org/glob/-/glob-10.4.5.tgz 1403ms (cache miss)
787 http fetch GET 200 https://registry.npmjs.org/pify/-/pify-2.3.0.tgz 1399ms (cache miss)
788 http fetch GET 200 https://registry.npmjs.org/is-core-module/-/is-core-module-2.15.1.tgz 1410ms (cache miss)
789 http fetch GET 200 https://registry.npmjs.org/path-parse/-/path-parse-1.0.7.tgz 1415ms (cache miss)
790 http fetch GET 200 https://registry.npmjs.org/cssesc/-/cssesc-3.0.0.tgz 1417ms (cache miss)
791 http fetch GET 200 https://registry.npmjs.org/util-deprecate/-/util-deprecate-1.0.2.tgz 1429ms (cache miss)
792 http fetch GET 200 https://registry.npmjs.org/camelcase-css/-/camelcase-css-2.0.1.tgz 1456ms (cache miss)
793 http fetch GET 200 https://registry.npmjs.org/read-cache/-/read-cache-1.0.0.tgz 1494ms (cache miss)
794 http fetch GET 200 https://registry.npmjs.org/is-extglob/-/is-extglob-2.1.1.tgz 1531ms (cache miss)
795 http fetch GET 200 https://registry.npmjs.org/to-regex-range/-/to-regex-range-5.0.1.tgz 1532ms (cache miss)
796 http fetch GET 200 https://registry.npmjs.org/run-parallel/-/run-parallel-1.2.0.tgz 1556ms (cache miss)
797 http fetch GET 200 https://registry.npmjs.org/function-bind/-/function-bind-1.1.2.tgz 1631ms (cache miss)
798 http fetch GET 200 https://registry.npmjs.org/merge2/-/merge2-1.4.1.tgz 1634ms (cache miss)
799 http fetch GET 200 https://registry.npmjs.org/binary-extensions/-/binary-extensions-2.3.0.tgz 1640ms (cache miss)
800 http fetch GET 200 https://registry.npmjs.org/fastq/-/fastq-1.17.1.tgz 1654ms (cache miss)
801 http fetch GET 200 https://registry.npmjs.org/source-map-js/-/source-map-js-1.2.0.tgz 1657ms (cache miss)
802 http fetch GET 200 https://registry.npmjs.org/nanoid/-/nanoid-3.3.7.tgz 1665ms (cache miss)
803 http fetch GET 200 https://registry.npmjs.org/postcss-value-parser/-/postcss-value-parser-4.2.0.tgz 1666ms (cache miss)
804 http fetch GET 200 https://registry.npmjs.org/fill-range/-/fill-range-7.1.1.tgz 1671ms (cache miss)
805 http fetch GET 200 https://registry.npmjs.org/@jridgewell/sourcemap-codec/-/sourcemap-codec-1.5.0.tgz 1784ms (cache miss)
806 http fetch GET 200 https://registry.npmjs.org/reusify/-/reusify-1.0.4.tgz 1772ms (cache miss)
807 http fetch GET 200 https://registry.npmjs.org/ts-interface-checker/-/ts-interface-checker-0.1.13.tgz 1789ms (cache miss)
808 http fetch GET 200 https://registry.npmjs.org/is-binary-path/-/is-binary-path-2.1.0.tgz 1789ms (cache miss)
809 http fetch GET 200 https://registry.npmjs.org/readdirp/-/readdirp-3.6.0.tgz 1791ms (cache miss)
810 http fetch GET 200 https://registry.npmjs.org/signal-exit/-/signal-exit-4.1.0.tgz 1816ms (cache miss)
811 http fetch GET 200 https://registry.npmjs.org/@nodelib/fs.stat/-/fs.stat-2.0.5.tgz 1794ms (cache miss)
812 http fetch GET 200 https://registry.npmjs.org/@jridgewell/trace-mapping/-/trace-mapping-0.3.25.tgz 1820ms (cache miss)
813 http fetch GET 200 https://registry.npmjs.org/braces/-/braces-3.0.3.tgz 1810ms (cache miss)
814 http fetch GET 200 https://registry.npmjs.org/anymatch/-/anymatch-3.1.3.tgz 1815ms (cache miss)
815 http fetch GET 200 https://registry.npmjs.org/@nodelib/fs.scandir/-/fs.scandir-2.1.5.tgz 1822ms (cache miss)
816 http fetch GET 200 https://registry.npmjs.org/@nodelib/fs.walk/-/fs.walk-1.2.8.tgz 1842ms (cache miss)
817 http fetch GET 200 https://registry.npmjs.org/picomatch/-/picomatch-2.3.1.tgz 1851ms (cache miss)
818 http fetch GET 200 https://registry.npmjs.org/postcss-import/-/postcss-import-15.1.0.tgz 1959ms (cache miss)
819 http fetch GET 200 https://registry.npmjs.org/resolve/-/resolve-1.22.8.tgz 2003ms (cache miss)
820 http fetch GET 200 https://registry.npmjs.org/micromatch/-/micromatch-4.0.8.tgz 2001ms (cache miss)
821 http fetch GET 200 https://registry.npmjs.org/postcss-nested/-/postcss-nested-6.2.0.tgz 2013ms (cache miss)
822 http fetch GET 200 https://registry.npmjs.org/object-hash/-/object-hash-3.0.0.tgz 2061ms (cache miss)
823 http fetch GET 200 https://registry.npmjs.org/is-glob/-/is-glob-4.0.3.tgz 2065ms (cache miss)
824 http fetch GET 200 https://registry.npmjs.org/glob-parent/-/glob-parent-6.0.2.tgz 2113ms (cache miss)
825 http fetch GET 200 https://registry.npmjs.org/postcss-load-config/-/postcss-load-config-4.0.2.tgz 2158ms (cache miss)
826 http fetch GET 200 https://registry.npmjs.org/picocolors/-/picocolors-1.1.0.tgz 2180ms (cache miss)
827 http fetch GET 200 https://registry.npmjs.org/dlv/-/dlv-1.1.3.tgz 2196ms (cache miss)
828 http fetch GET 200 https://registry.npmjs.org/arg/-/arg-5.0.2.tgz 2202ms (cache miss)
829 http fetch GET 200 https://registry.npmjs.org/didyoumean/-/didyoumean-1.2.2.tgz 2215ms (cache miss)
830 http fetch GET 200 https://registry.npmjs.org/postcss-js/-/postcss-js-4.0.1.tgz 2254ms (cache miss)
831 http fetch GET 200 https://registry.npmjs.org/emoji-regex/-/emoji-regex-8.0.0.tgz 2307ms (cache miss)
832 http fetch GET 200 https://registry.npmjs.org/ansi-regex/-/ansi-regex-5.0.1.tgz 2340ms (cache miss)
833 http fetch GET 200 https://registry.npmjs.org/@alloc/quick-lru/-/quick-lru-5.2.0.tgz 2368ms (cache miss)
834 http fetch GET 200 https://registry.npmjs.org/sucrase/-/sucrase-3.35.0.tgz 2394ms (cache miss)
835 http fetch GET 200 https://registry.npmjs.org/strip-ansi/-/strip-ansi-6.0.1.tgz 2383ms (cache miss)
836 http fetch GET 200 https://registry.npmjs.org/normalize-path/-/normalize-path-3.0.0.tgz 2436ms (cache miss)
837 http fetch GET 200 https://registry.npmjs.org/ansi-styles/-/ansi-styles-4.3.0.tgz 2445ms (cache miss)
838 http fetch GET 200 https://registry.npmjs.org/lilconfig/-/lilconfig-3.1.2.tgz 2485ms (cache miss)
839 http fetch GET 200 https://registry.npmjs.org/strip-ansi/-/strip-ansi-6.0.1.tgz 2491ms (cache miss)
840 http fetch GET 200 https://registry.npmjs.org/emoji-regex/-/emoji-regex-8.0.0.tgz 2498ms (cache miss)
841 http fetch GET 200 https://registry.npmjs.org/string-width/-/string-width-4.2.3.tgz 2552ms (cache miss)
842 http fetch GET 200 https://registry.npmjs.org/ansi-regex/-/ansi-regex-5.0.1.tgz 2563ms (cache miss)
843 http fetch GET 200 https://registry.npmjs.org/yaml/-/yaml-2.5.1.tgz 2602ms (cache miss)
844 http fetch GET 200 https://registry.npmjs.org/glob-parent/-/glob-parent-5.1.2.tgz 2580ms (cache miss)
845 http fetch GET 200 https://registry.npmjs.org/glob-parent/-/glob-parent-5.1.2.tgz 2596ms (cache miss)
846 http fetch GET 200 https://registry.npmjs.org/ansi-regex/-/ansi-regex-5.0.1.tgz 2621ms (cache miss)
847 http fetch GET 200 https://registry.npmjs.org/postcss-selector-parser/-/postcss-selector-parser-6.1.2.tgz 2896ms (cache miss)
848 http fetch GET 200 https://registry.npmjs.org/chokidar/-/chokidar-3.6.0.tgz 2926ms (cache miss)
849 http fetch GET 200 https://registry.npmjs.org/postcss/-/postcss-8.4.45.tgz 3157ms (cache miss)
850 http fetch GET 200 https://registry.npmjs.org/minimatch/-/minimatch-9.0.5.tgz 3447ms (cache miss)
851 http fetch GET 200 https://registry.npmjs.org/lilconfig/-/lilconfig-2.1.0.tgz 3634ms (cache miss)
852 http fetch GET 200 https://registry.npmjs.org/fast-glob/-/fast-glob-3.3.2.tgz 3836ms (cache miss)
853 http fetch GET 200 https://registry.npmjs.org/jiti/-/jiti-1.21.6.tgz 5298ms (cache miss)
854 http fetch GET 200 https://registry.npmjs.org/tailwindcss/-/tailwindcss-3.4.10.tgz 9047ms (cache miss)
855 silly ADD node_modules/color-name
856 silly ADD node_modules/color-convert
857 silly ADD node_modules/ansi-styles
858 silly ADD node_modules/isexe
859 silly ADD node_modules/is-number
860 silly ADD node_modules/thenify
861 silly ADD node_modules/ansi-regex
862 silly ADD node_modules/is-fullwidth-code-point
863 silly ADD node_modules/emoji-regex
864 silly ADD node_modules/eastasianwidth
865 silly ADD node_modules/shebang-regex
866 silly ADD node_modules/lru-cache
867 silly ADD node_modules/thenify-all
868 silly ADD node_modules/object-assign
869 silly ADD node_modules/any-promise
870 silly ADD node_modules/balanced-match
871 silly ADD node_modules/brace-expansion
872 silly ADD node_modules/wrap-ansi-cjs
873 silly ADD node_modules/wrap-ansi-cjs/node_modules/ansi-regex
874 silly ADD node_modules/wrap-ansi-cjs/node_modules/emoji-regex
875 silly ADD node_modules/wrap-ansi-cjs/node_modules/strip-ansi
876 silly ADD node_modules/wrap-ansi-cjs/node_modules/string-width
877 silly ADD node_modules/wrap-ansi-cjs/node_modules/ansi-styles
878 silly ADD node_modules/wrap-ansi
879 silly ADD node_modules/strip-ansi-cjs
880 silly ADD node_modules/strip-ansi-cjs/node_modules/ansi-regex
881 silly ADD node_modules/strip-ansi
882 silly ADD node_modules/string-width-cjs
883 silly ADD node_modules/string-width-cjs/node_modules/ansi-regex
884 silly ADD node_modules/string-width-cjs/node_modules/strip-ansi
885 silly ADD node_modules/string-width-cjs/node_modules/emoji-regex
886 silly ADD node_modules/string-width
887 silly ADD node_modules/@pkgjs/parseargs
888 silly ADD node_modules/@isaacs/cliui
889 silly ADD node_modules/which
890 silly ADD node_modules/shebang-command
891 silly ADD node_modules/path-key
892 silly ADD node_modules/signal-exit
893 silly ADD node_modules/cross-spawn
894 silly ADD node_modules/path-scurry
895 silly ADD node_modules/package-json-from-dist
896 silly ADD node_modules/minipass
897 silly ADD node_modules/minimatch
898 silly ADD node_modules/jackspeak
899 silly ADD node_modules/foreground-child
900 silly ADD node_modules/@jridgewell/resolve-uri
901 silly ADD node_modules/@jridgewell/trace-mapping
902 silly ADD node_modules/@jridgewell/sourcemap-codec
903 silly ADD node_modules/@jridgewell/set-array
904 silly ADD node_modules/ts-interface-checker
905 silly ADD node_modules/pirates
906 silly ADD node_modules/mz
907 silly ADD node_modules/lines-and-columns
908 silly ADD node_modules/glob
909 silly ADD node_modules/commander
910 silly ADD node_modules/@jridgewell/gen-mapping
911 silly ADD node_modules/queue-microtask
912 silly ADD node_modules/function-bind
913 silly ADD node_modules/hasown
914 silly ADD node_modules/supports-preserve-symlinks-flag
915 silly ADD node_modules/path-parse
916 silly ADD node_modules/is-core-module
917 silly ADD node_modules/pify
918 silly ADD node_modules/util-deprecate
919 silly ADD node_modules/cssesc
920 silly ADD node_modules/yaml
921 silly ADD node_modules/camelcase-css
922 silly ADD node_modules/read-cache
923 silly ADD node_modules/postcss-value-parser
924 silly ADD node_modules/source-map-js
925 silly ADD node_modules/nanoid
926 silly ADD node_modules/is-extglob
927 silly ADD node_modules/binary-extensions
928 silly ADD node_modules/to-regex-range
929 silly ADD node_modules/reusify
930 silly ADD node_modules/run-parallel
931 silly ADD node_modules/fastq
932 silly ADD node_modules/@nodelib/fs.scandir
933 silly ADD node_modules/merge2
934 silly ADD node_modules/@nodelib/fs.walk
935 silly ADD node_modules/@nodelib/fs.stat
936 silly ADD node_modules/fill-range
937 silly ADD node_modules/picomatch
938 silly ADD node_modules/readdirp
939 silly ADD node_modules/is-binary-path
940 silly ADD
941 silly ADD node_modules/braces
942 silly ADD node_modules/anymatch
943 silly ADD node_modules/sucrase
944 silly ADD node_modules/resolve
945 silly ADD node_modules/postcss-selector-parser
946 silly ADD node_modules/postcss-nested
947 silly ADD node_modules/postcss-load-config
948 silly ADD node_modules/postcss-load-config/node_modules/lilconfig
949 silly ADD node_modules/postcss-js
950 silly ADD node_modules/postcss-import
951 silly ADD node_modules/postcss
952 silly ADD node_modules/picocolors
953 silly ADD node_modules/object-hash
954 silly ADD node_modules/normalize-path
955 silly ADD node_modules/micromatch
956 silly ADD node_modules/lilconfig
957 silly ADD node_modules/jiti
958 silly ADD node_modules/is-glob
959 silly ADD node_modules/glob-parent
960 silly ADD node_modules/fast-glob
961 silly ADD node_modules/fast-glob/node_modules/glob-parent
962 silly ADD node_modules/dlv
963 silly ADD node_modules/didyoumean
964 silly ADD node_modules/chokidar
965 silly ADD node_modules/chokidar/node_modules/glob-parent
966 silly ADD node_modules/arg
967 silly ADD node_modules/@alloc/quick-lru
968 silly ADD node_modules/tailwindcss
969 verbose cwd C:\Users\cis2\Documents\Desain\septian-devi
970 verbose os Windows_NT 10.0.22621
971 verbose node v20.15.0
972 verbose npm  v10.8.1
973 notice
973 notice New [36mpatch[39m version of npm available! [36m10.8.1[39m -> [34m10.8.3[39m
973 notice Changelog: [34mhttps://github.com/npm/cli/releases/tag/v10.8.3[39m
973 notice To update run: [4mnpm install -g npm@10.8.3[24m
973 notice  { force: true, [Symbol(proc-log.meta)]: true }
974 verbose exit 0
975 info ok
