0 verbose cli C:\Program Files\nodejs\node.exe C:\Users\cis2\AppData\Roaming\npm\node_modules\npm\bin\npm-cli.js
1 info using npm@10.8.1
2 info using node@v20.15.0
3 silly config load:file:C:\Users\cis2\AppData\Roaming\npm\node_modules\npm\npmrc
4 silly config load:file:C:\Users\cis2\Documents\Desain\septiyan-devi\.npmrc
5 silly config load:file:C:\Users\cis2\.npmrc
6 silly config load:file:C:\Users\cis2\AppData\Roaming\npm\etc\npmrc
7 verbose title npm exec tailwindcss -i ./assets/dist/css/styles.css -o ./assets/css/styles.css --watch
8 verbose argv "exec" "--" "tailwindcss" "-i" "./assets/dist/css/styles.css" "-o" "./assets/css/styles.css" "--watch"
9 verbose logfile logs-max:10 dir:C:\Users\cis2\Documents\Desain\septiyan-devi\tmpnodejsnpm-cache\_logs\2024-09-15T22_42_03_178Z-
10 verbose logfile C:\Users\cis2\Documents\Desain\septiyan-devi\tmpnodejsnpm-cache\_logs\2024-09-15T22_42_03_178Z-debug-0.log
11 silly logfile start cleaning logs, removing 1 files
12 silly logfile done cleaning log files
13 silly packumentCache heap:2032926720 maxSize:508231680 maxEntrySize:254115840
14 http fetch GET 200 https://registry.npmjs.org/tailwindcss 4879ms (cache miss)
15 silly packumentCache heap:2032926720 maxSize:508231680 maxEntrySize:254115840
16 silly packumentCache heap:2032926720 maxSize:508231680 maxEntrySize:254115840
17 silly idealTree buildDeps
18 silly fetch manifest tailwindcss@3.4.11
19 silly packumentCache full:https://registry.npmjs.org/tailwindcss cache-miss
20 http fetch GET 200 https://registry.npmjs.org/tailwindcss 5782ms (cache updated)
21 silly packumentCache full:https://registry.npmjs.org/tailwindcss set size:undefined disposed:false
22 silly placeDep ROOT tailwindcss@3.4.11 OK for:  want: 3.4.11
23 silly fetch manifest arg@^5.0.2
24 silly packumentCache full:https://registry.npmjs.org/arg cache-miss
25 silly fetch manifest dlv@^1.1.3
26 silly packumentCache full:https://registry.npmjs.org/dlv cache-miss
27 silly fetch manifest jiti@^1.21.0
28 silly packumentCache full:https://registry.npmjs.org/jiti cache-miss
29 silly fetch manifest is-glob@^4.0.3
30 silly packumentCache full:https://registry.npmjs.org/is-glob cache-miss
31 silly fetch manifest postcss@^8.4.23
32 silly packumentCache full:https://registry.npmjs.org/postcss cache-miss
33 silly fetch manifest resolve@^1.22.2
34 silly packumentCache full:https://registry.npmjs.org/resolve cache-miss
35 silly fetch manifest sucrase@^3.32.0
36 silly packumentCache full:https://registry.npmjs.org/sucrase cache-miss
37 http fetch GET 200 https://registry.npmjs.org/resolve 111ms (cache revalidated)
38 silly packumentCache full:https://registry.npmjs.org/resolve set size:288408 disposed:false
39 silly fetch manifest chokidar@^3.5.3
40 silly packumentCache full:https://registry.npmjs.org/chokidar cache-miss
41 http fetch GET 200 https://registry.npmjs.org/arg 339ms (cache revalidated)
42 silly packumentCache full:https://registry.npmjs.org/arg set size:67253 disposed:false
43 silly fetch manifest fast-glob@^3.3.0
44 silly packumentCache full:https://registry.npmjs.org/fast-glob cache-miss
45 http fetch GET 200 https://registry.npmjs.org/is-glob 354ms (cache revalidated)
46 silly packumentCache full:https://registry.npmjs.org/is-glob set size:40530 disposed:false
47 silly fetch manifest lilconfig@^2.1.0
48 silly packumentCache full:https://registry.npmjs.org/lilconfig cache-miss
49 http fetch GET 200 https://registry.npmjs.org/fast-glob 120ms (cache revalidated)
50 silly packumentCache full:https://registry.npmjs.org/fast-glob set size:314033 disposed:false
51 silly fetch manifest didyoumean@^1.2.2
52 silly packumentCache full:https://registry.npmjs.org/didyoumean cache-miss
53 http fetch GET 200 https://registry.npmjs.org/lilconfig 109ms (cache revalidated)
54 silly packumentCache full:https://registry.npmjs.org/lilconfig set size:43850 disposed:false
55 silly fetch manifest micromatch@^4.0.5
56 silly packumentCache full:https://registry.npmjs.org/micromatch cache-miss
57 http fetch GET 200 https://registry.npmjs.org/micromatch 110ms (cache revalidated)
58 silly packumentCache full:https://registry.npmjs.org/micromatch set size:240734 disposed:false
59 silly fetch manifest picocolors@^1.0.0
60 silly packumentCache full:https://registry.npmjs.org/picocolors cache-miss
61 http fetch GET 200 https://registry.npmjs.org/sucrase 638ms (cache revalidated)
62 silly packumentCache full:https://registry.npmjs.org/sucrase set size:444175 disposed:false
63 silly fetch manifest postcss-js@^4.0.1
64 silly packumentCache full:https://registry.npmjs.org/postcss-js cache-miss
65 http fetch GET 200 https://registry.npmjs.org/picocolors 87ms (cache revalidated)
66 silly packumentCache full:https://registry.npmjs.org/picocolors set size:19641 disposed:false
67 silly fetch manifest glob-parent@^6.0.2
68 silly packumentCache full:https://registry.npmjs.org/glob-parent cache-miss
69 http fetch GET 200 https://registry.npmjs.org/jiti 704ms (cache revalidated)
70 silly packumentCache full:https://registry.npmjs.org/jiti set size:306641 disposed:false
71 silly fetch manifest object-hash@^3.0.0
72 silly packumentCache full:https://registry.npmjs.org/object-hash cache-miss
73 http fetch GET 200 https://registry.npmjs.org/object-hash 130ms (cache revalidated)
74 silly packumentCache full:https://registry.npmjs.org/object-hash set size:100564 disposed:false
75 silly fetch manifest normalize-path@^3.0.0
76 silly packumentCache full:https://registry.npmjs.org/normalize-path cache-miss
77 http fetch GET 200 https://registry.npmjs.org/dlv 958ms (cache revalidated)
78 silly packumentCache full:https://registry.npmjs.org/dlv set size:16709 disposed:false
79 silly fetch manifest postcss-import@^15.1.0
80 silly packumentCache full:https://registry.npmjs.org/postcss-import cache-miss
81 http fetch GET 200 https://registry.npmjs.org/chokidar 865ms (cache updated)
82 silly packumentCache full:https://registry.npmjs.org/chokidar set size:undefined disposed:false
83 silly fetch manifest postcss-nested@^6.0.1
84 silly packumentCache full:https://registry.npmjs.org/postcss-nested cache-miss
85 http fetch GET 200 https://registry.npmjs.org/normalize-path 148ms (cache revalidated)
86 silly packumentCache full:https://registry.npmjs.org/normalize-path set size:28713 disposed:false
87 silly fetch manifest @alloc/quick-lru@^5.2.0
88 silly packumentCache full:https://registry.npmjs.org/@alloc%2fquick-lru cache-miss
89 http fetch GET 200 https://registry.npmjs.org/postcss-import 145ms (cache revalidated)
90 silly packumentCache full:https://registry.npmjs.org/postcss-import set size:118841 disposed:false
91 silly fetch manifest postcss-load-config@^4.0.1
92 silly packumentCache full:https://registry.npmjs.org/postcss-load-config cache-miss
93 http fetch GET 200 https://registry.npmjs.org/postcss-nested 135ms (cache revalidated)
94 silly packumentCache full:https://registry.npmjs.org/postcss-nested set size:74085 disposed:false
95 silly fetch manifest postcss-selector-parser@^6.0.11
96 silly packumentCache full:https://registry.npmjs.org/postcss-selector-parser cache-miss
97 http fetch GET 200 https://registry.npmjs.org/didyoumean 688ms (cache revalidated)
98 silly packumentCache full:https://registry.npmjs.org/didyoumean set size:11446 disposed:false
99 http fetch GET 200 https://registry.npmjs.org/postcss-selector-parser 129ms (cache revalidated)
100 silly packumentCache full:https://registry.npmjs.org/postcss-selector-parser set size:168339 disposed:false
101 http fetch GET 200 https://registry.npmjs.org/postcss-js 690ms (cache revalidated)
102 silly packumentCache full:https://registry.npmjs.org/postcss-js set size:40044 disposed:false
103 http fetch GET 200 https://registry.npmjs.org/glob-parent 715ms (cache revalidated)
104 silly packumentCache full:https://registry.npmjs.org/glob-parent set size:42445 disposed:false
105 http fetch GET 200 https://registry.npmjs.org/@alloc%2fquick-lru 705ms (cache revalidated)
106 silly packumentCache full:https://registry.npmjs.org/@alloc%2fquick-lru set size:7269 disposed:false
107 http fetch GET 200 https://registry.npmjs.org/postcss 1827ms (cache updated)
108 silly packumentCache full:https://registry.npmjs.org/postcss set size:undefined disposed:false
109 http fetch GET 200 https://registry.npmjs.org/postcss-load-config 762ms (cache revalidated)
110 silly packumentCache full:https://registry.npmjs.org/postcss-load-config set size:86425 disposed:false
111 silly fetch manifest ts-node@>=9.0.0
112 silly packumentCache full:https://registry.npmjs.org/ts-node cache-miss
113 http fetch GET 200 https://registry.npmjs.org/ts-node 737ms (cache revalidated)
114 silly packumentCache full:https://registry.npmjs.org/ts-node set size:574536 disposed:false
115 silly fetch manifest @swc/core@>=1.2.50
116 silly packumentCache full:https://registry.npmjs.org/@swc%2fcore cache-miss
117 http fetch GET 200 https://registry.npmjs.org/@swc%2fcore 2174ms (cache updated)
118 silly packumentCache full:https://registry.npmjs.org/@swc%2fcore set size:undefined disposed:false
119 silly fetch manifest @swc/helpers@*
120 silly packumentCache full:https://registry.npmjs.org/@swc%2fhelpers cache-miss
121 http fetch GET 200 https://registry.npmjs.org/@swc%2fhelpers 362ms (cache revalidated)
122 silly packumentCache full:https://registry.npmjs.org/@swc%2fhelpers set size:581456 disposed:false
123 silly fetch manifest @swc/wasm@>=1.2.50
124 silly packumentCache full:https://registry.npmjs.org/@swc%2fwasm cache-miss
125 http fetch GET 200 https://registry.npmjs.org/@swc%2fwasm 771ms (cache updated)
126 silly packumentCache full:https://registry.npmjs.org/@swc%2fwasm set size:undefined disposed:false
127 silly fetch manifest @types/node@*
128 silly packumentCache full:https://registry.npmjs.org/@types%2fnode cache-miss
129 http fetch GET 200 https://registry.npmjs.org/@types%2fnode 5456ms (cache updated)
130 silly packumentCache full:https://registry.npmjs.org/@types%2fnode set size:undefined disposed:false
131 silly fetch manifest typescript@>=2.7
132 silly packumentCache full:https://registry.npmjs.org/typescript cache-miss
133 http fetch GET 200 https://registry.npmjs.org/typescript 7873ms (cache updated)
134 silly packumentCache full:https://registry.npmjs.org/typescript set size:undefined disposed:false
135 silly placeDep ROOT @alloc/quick-lru@5.2.0 OK for: tailwindcss@3.4.11 want: ^5.2.0
136 silly placeDep ROOT arg@5.0.2 OK for: tailwindcss@3.4.11 want: ^5.0.2
137 silly placeDep ROOT chokidar@3.6.0 OK for: tailwindcss@3.4.11 want: ^3.5.3
138 silly placeDep ROOT didyoumean@1.2.2 OK for: tailwindcss@3.4.11 want: ^1.2.2
139 silly placeDep ROOT dlv@1.1.3 OK for: tailwindcss@3.4.11 want: ^1.1.3
140 silly placeDep ROOT fast-glob@3.3.2 OK for: tailwindcss@3.4.11 want: ^3.3.0
141 silly placeDep ROOT glob-parent@6.0.2 OK for: tailwindcss@3.4.11 want: ^6.0.2
142 silly placeDep ROOT is-glob@4.0.3 OK for: tailwindcss@3.4.11 want: ^4.0.3
143 silly placeDep ROOT jiti@1.21.6 OK for: tailwindcss@3.4.11 want: ^1.21.0
144 silly placeDep ROOT lilconfig@2.1.0 OK for: tailwindcss@3.4.11 want: ^2.1.0
145 silly placeDep ROOT micromatch@4.0.8 OK for: tailwindcss@3.4.11 want: ^4.0.5
146 silly placeDep ROOT normalize-path@3.0.0 OK for: tailwindcss@3.4.11 want: ^3.0.0
147 silly placeDep ROOT object-hash@3.0.0 OK for: tailwindcss@3.4.11 want: ^3.0.0
148 silly placeDep ROOT picocolors@1.1.0 OK for: tailwindcss@3.4.11 want: ^1.0.0
149 silly placeDep ROOT postcss@8.4.47 OK for: tailwindcss@3.4.11 want: ^8.4.23
150 silly placeDep ROOT postcss-import@15.1.0 OK for: tailwindcss@3.4.11 want: ^15.1.0
151 silly placeDep ROOT postcss-js@4.0.1 OK for: tailwindcss@3.4.11 want: ^4.0.1
152 silly placeDep ROOT postcss-load-config@4.0.2 OK for: tailwindcss@3.4.11 want: ^4.0.1
153 silly placeDep ROOT postcss-nested@6.2.0 OK for: tailwindcss@3.4.11 want: ^6.0.1
154 silly placeDep ROOT postcss-selector-parser@6.1.2 OK for: tailwindcss@3.4.11 want: ^6.0.11
155 silly placeDep ROOT resolve@1.22.8 OK for: tailwindcss@3.4.11 want: ^1.22.2
156 silly placeDep ROOT sucrase@3.35.0 OK for: tailwindcss@3.4.11 want: ^3.32.0
157 silly fetch manifest braces@~3.0.2
158 silly packumentCache full:https://registry.npmjs.org/braces cache-miss
159 silly fetch manifest is-glob@~4.0.1
160 silly packumentCache full:https://registry.npmjs.org/is-glob cache-hit
161 silly fetch manifest anymatch@~3.1.2
162 silly packumentCache full:https://registry.npmjs.org/anymatch cache-miss
163 silly fetch manifest readdirp@~3.6.0
164 silly packumentCache full:https://registry.npmjs.org/readdirp cache-miss
165 silly fetch manifest glob-parent@~5.1.2
166 silly packumentCache full:https://registry.npmjs.org/glob-parent cache-hit
167 silly fetch manifest is-binary-path@~2.1.0
168 silly packumentCache full:https://registry.npmjs.org/is-binary-path cache-miss
169 silly fetch manifest normalize-path@~3.0.0
170 silly packumentCache full:https://registry.npmjs.org/normalize-path cache-hit
171 silly fetch manifest fsevents@~2.3.2
172 silly packumentCache full:https://registry.npmjs.org/fsevents cache-miss
173 silly fetch manifest @nodelib/fs.stat@^2.0.2
174 silly packumentCache full:https://registry.npmjs.org/@nodelib%2ffs.stat cache-miss
175 silly fetch manifest @nodelib/fs.walk@^1.2.3
176 silly packumentCache full:https://registry.npmjs.org/@nodelib%2ffs.walk cache-miss
177 http fetch GET 200 https://registry.npmjs.org/is-binary-path 114ms (cache revalidated)
178 silly packumentCache full:https://registry.npmjs.org/is-binary-path set size:13475 disposed:false
179 silly fetch manifest glob-parent@^5.1.2
180 silly packumentCache full:https://registry.npmjs.org/glob-parent cache-hit
181 silly fetch manifest merge2@^1.3.0
182 silly packumentCache full:https://registry.npmjs.org/merge2 cache-miss
183 http fetch GET 200 https://registry.npmjs.org/readdirp 123ms (cache revalidated)
184 silly packumentCache full:https://registry.npmjs.org/readdirp set size:95371 disposed:false
185 silly fetch manifest micromatch@^4.0.4
186 silly packumentCache full:https://registry.npmjs.org/micromatch cache-hit
187 silly fetch manifest is-extglob@^2.1.1
188 silly packumentCache full:https://registry.npmjs.org/is-extglob cache-miss
189 http fetch GET 200 https://registry.npmjs.org/braces 127ms (cache revalidated)
190 silly packumentCache full:https://registry.npmjs.org/braces set size:114633 disposed:false
191 silly fetch manifest braces@^3.0.3
192 silly packumentCache full:https://registry.npmjs.org/braces cache-hit
193 silly fetch manifest picomatch@^2.3.1
194 silly packumentCache full:https://registry.npmjs.org/picomatch cache-miss
195 http fetch GET 200 https://registry.npmjs.org/fsevents 127ms (cache revalidated)
196 silly packumentCache full:https://registry.npmjs.org/fsevents set size:184786 disposed:false
197 silly fetch manifest nanoid@^3.3.7
198 silly packumentCache full:https://registry.npmjs.org/nanoid cache-miss
199 http fetch GET 200 https://registry.npmjs.org/anymatch 138ms (cache revalidated)
200 silly packumentCache full:https://registry.npmjs.org/anymatch set size:43024 disposed:false
201 silly fetch manifest source-map-js@^1.2.1
202 silly packumentCache full:https://registry.npmjs.org/source-map-js cache-miss
203 http fetch GET 200 https://registry.npmjs.org/@nodelib%2ffs.walk 154ms (cache revalidated)
204 silly packumentCache full:https://registry.npmjs.org/@nodelib%2ffs.walk set size:43590 disposed:false
205 silly fetch manifest postcss-value-parser@^4.0.0
206 silly packumentCache full:https://registry.npmjs.org/postcss-value-parser cache-miss
207 http fetch GET 200 https://registry.npmjs.org/@nodelib%2ffs.stat 192ms (cache revalidated)
208 silly packumentCache full:https://registry.npmjs.org/@nodelib%2ffs.stat set size:38550 disposed:false
209 silly fetch manifest read-cache@^1.0.0
210 silly packumentCache full:https://registry.npmjs.org/read-cache cache-miss
211 http fetch GET 200 https://registry.npmjs.org/merge2 111ms (cache revalidated)
212 silly packumentCache full:https://registry.npmjs.org/merge2 set size:46159 disposed:false
213 silly fetch manifest resolve@^1.1.7
214 silly packumentCache full:https://registry.npmjs.org/resolve cache-hit
215 silly fetch manifest camelcase-css@^2.0.1
216 silly packumentCache full:https://registry.npmjs.org/camelcase-css cache-miss
217 http fetch GET 200 https://registry.npmjs.org/nanoid 102ms (cache revalidated)
218 silly packumentCache full:https://registry.npmjs.org/nanoid set size:271372 disposed:false
219 silly fetch manifest yaml@^2.3.4
220 silly packumentCache full:https://registry.npmjs.org/yaml cache-miss
221 http fetch GET 200 https://registry.npmjs.org/source-map-js 102ms (cache updated)
222 silly packumentCache full:https://registry.npmjs.org/source-map-js set size:undefined disposed:false
223 silly fetch manifest lilconfig@^3.0.0
224 silly packumentCache full:https://registry.npmjs.org/lilconfig cache-hit
225 silly fetch manifest postcss-selector-parser@^6.1.1
226 silly packumentCache full:https://registry.npmjs.org/postcss-selector-parser cache-hit
227 silly fetch manifest cssesc@^3.0.0
228 silly packumentCache full:https://registry.npmjs.org/cssesc cache-miss
229 http fetch GET 200 https://registry.npmjs.org/picomatch 121ms (cache revalidated)
230 silly packumentCache full:https://registry.npmjs.org/picomatch set size:116241 disposed:false
231 silly fetch manifest util-deprecate@^1.0.2
232 silly packumentCache full:https://registry.npmjs.org/util-deprecate cache-miss
233 http fetch GET 200 https://registry.npmjs.org/postcss-value-parser 117ms (cache revalidated)
234 silly packumentCache full:https://registry.npmjs.org/postcss-value-parser set size:73484 disposed:false
235 silly fetch manifest is-core-module@^2.13.0
236 silly packumentCache full:https://registry.npmjs.org/is-core-module cache-miss
237 http fetch GET 200 https://registry.npmjs.org/yaml 99ms (cache revalidated)
238 silly packumentCache full:https://registry.npmjs.org/yaml set size:338803 disposed:false
239 silly fetch manifest path-parse@^1.0.7
240 silly packumentCache full:https://registry.npmjs.org/path-parse cache-miss
241 http fetch GET 200 https://registry.npmjs.org/is-core-module 94ms (cache revalidated)
242 silly packumentCache full:https://registry.npmjs.org/is-core-module set size:66526 disposed:false
243 silly fetch manifest supports-preserve-symlinks-flag@^1.0.0
244 silly packumentCache full:https://registry.npmjs.org/supports-preserve-symlinks-flag cache-miss
245 http fetch GET 200 https://registry.npmjs.org/camelcase-css 142ms (cache revalidated)
246 silly packumentCache full:https://registry.npmjs.org/camelcase-css set size:9392 disposed:false
247 silly fetch manifest @jridgewell/gen-mapping@^0.3.2
248 silly packumentCache full:https://registry.npmjs.org/@jridgewell%2fgen-mapping cache-miss
249 http fetch GET 200 https://registry.npmjs.org/cssesc 131ms (cache revalidated)
250 silly packumentCache full:https://registry.npmjs.org/cssesc set size:18815 disposed:false
251 silly fetch manifest commander@^4.0.0
252 silly packumentCache full:https://registry.npmjs.org/commander cache-miss
253 http fetch GET 200 https://registry.npmjs.org/util-deprecate 138ms (cache revalidated)
254 silly packumentCache full:https://registry.npmjs.org/util-deprecate set size:6674 disposed:false
255 silly fetch manifest glob@^10.3.10
256 silly packumentCache full:https://registry.npmjs.org/glob cache-miss
257 http fetch GET 200 https://registry.npmjs.org/path-parse 106ms (cache revalidated)
258 silly packumentCache full:https://registry.npmjs.org/path-parse set size:14523 disposed:false
259 silly fetch manifest lines-and-columns@^1.1.6
260 silly packumentCache full:https://registry.npmjs.org/lines-and-columns cache-miss
261 http fetch GET 200 https://registry.npmjs.org/supports-preserve-symlinks-flag 100ms (cache revalidated)
262 silly packumentCache full:https://registry.npmjs.org/supports-preserve-symlinks-flag set size:6802 disposed:false
263 silly fetch manifest mz@^2.7.0
264 silly packumentCache full:https://registry.npmjs.org/mz cache-miss
265 http fetch GET 200 https://registry.npmjs.org/commander 107ms (cache revalidated)
266 silly packumentCache full:https://registry.npmjs.org/commander set size:942287 disposed:false
267 silly fetch manifest pirates@^4.0.1
268 silly packumentCache full:https://registry.npmjs.org/pirates cache-miss
269 http fetch GET 200 https://registry.npmjs.org/glob 157ms (cache revalidated)
270 silly packumentCache full:https://registry.npmjs.org/glob set size:430869 disposed:false
271 silly fetch manifest ts-interface-checker@^0.1.9
272 silly packumentCache full:https://registry.npmjs.org/ts-interface-checker cache-miss
273 http fetch GET 200 https://registry.npmjs.org/lines-and-columns 116ms (cache revalidated)
274 silly packumentCache full:https://registry.npmjs.org/lines-and-columns set size:73796 disposed:false
275 http fetch GET 200 https://registry.npmjs.org/mz 105ms (cache revalidated)
276 silly packumentCache full:https://registry.npmjs.org/mz set size:42731 disposed:false
277 http fetch GET 200 https://registry.npmjs.org/ts-interface-checker 114ms (cache revalidated)
278 silly packumentCache full:https://registry.npmjs.org/ts-interface-checker set size:58946 disposed:false
279 http fetch GET 200 https://registry.npmjs.org/is-extglob 678ms (cache revalidated)
280 silly packumentCache full:https://registry.npmjs.org/is-extglob set size:11766 disposed:false
281 http fetch GET 200 https://registry.npmjs.org/read-cache 692ms (cache revalidated)
282 silly packumentCache full:https://registry.npmjs.org/read-cache set size:3003 disposed:false
283 http fetch GET 200 https://registry.npmjs.org/@jridgewell%2fgen-mapping 703ms (cache revalidated)
284 silly packumentCache full:https://registry.npmjs.org/@jridgewell%2fgen-mapping set size:88307 disposed:false
285 http fetch GET 200 https://registry.npmjs.org/pirates 748ms (cache revalidated)
286 silly packumentCache full:https://registry.npmjs.org/pirates set size:49558 disposed:false
287 silly placeDep ROOT anymatch@3.1.3 OK for: chokidar@3.6.0 want: ~3.1.2
288 silly placeDep ROOT braces@3.0.3 OK for: chokidar@3.6.0 want: ~3.0.2
289 silly placeDep ROOT fsevents@2.3.3 OK for: chokidar@3.6.0 want: ~2.3.2
290 silly placeDep node_modules/chokidar glob-parent@5.1.2 OK for: chokidar@3.6.0 want: ~5.1.2
291 silly placeDep ROOT is-binary-path@2.1.0 OK for: chokidar@3.6.0 want: ~2.1.0
292 silly placeDep ROOT readdirp@3.6.0 OK for: chokidar@3.6.0 want: ~3.6.0
293 silly fetch manifest picomatch@^2.0.4
294 silly packumentCache full:https://registry.npmjs.org/picomatch cache-hit
295 silly fetch manifest fill-range@^7.1.1
296 silly packumentCache full:https://registry.npmjs.org/fill-range cache-miss
297 silly fetch manifest binary-extensions@^2.0.0
298 silly packumentCache full:https://registry.npmjs.org/binary-extensions cache-miss
299 silly fetch manifest picomatch@^2.2.1
300 silly packumentCache full:https://registry.npmjs.org/picomatch cache-hit
301 http fetch GET 200 https://registry.npmjs.org/binary-extensions 119ms (cache revalidated)
302 silly packumentCache full:https://registry.npmjs.org/binary-extensions set size:49673 disposed:false
303 http fetch GET 200 https://registry.npmjs.org/fill-range 703ms (cache revalidated)
304 silly packumentCache full:https://registry.npmjs.org/fill-range set size:90212 disposed:false
305 silly placeDep ROOT picomatch@2.3.1 OK for: anymatch@3.1.3 want: ^2.0.4
306 silly placeDep ROOT fill-range@7.1.1 OK for: braces@3.0.3 want: ^7.1.1
307 silly fetch manifest to-regex-range@^5.0.1
308 silly packumentCache full:https://registry.npmjs.org/to-regex-range cache-miss
309 http fetch GET 200 https://registry.npmjs.org/to-regex-range 116ms (cache revalidated)
310 silly packumentCache full:https://registry.npmjs.org/to-regex-range set size:61569 disposed:false
311 silly placeDep ROOT @nodelib/fs.stat@2.0.5 OK for: fast-glob@3.3.2 want: ^2.0.2
312 silly placeDep ROOT @nodelib/fs.walk@1.2.8 OK for: fast-glob@3.3.2 want: ^1.2.3
313 silly placeDep node_modules/fast-glob glob-parent@5.1.2 OK for: fast-glob@3.3.2 want: ^5.1.2
314 silly placeDep ROOT merge2@1.4.1 OK for: fast-glob@3.3.2 want: ^1.3.0
315 silly fetch manifest @nodelib/fs.scandir@2.1.5
316 silly packumentCache full:https://registry.npmjs.org/@nodelib%2ffs.scandir cache-miss
317 silly fetch manifest fastq@^1.6.0
318 silly packumentCache full:https://registry.npmjs.org/fastq cache-miss
319 http fetch GET 200 https://registry.npmjs.org/fastq 125ms (cache revalidated)
320 silly packumentCache full:https://registry.npmjs.org/fastq set size:67370 disposed:false
321 http fetch GET 200 https://registry.npmjs.org/@nodelib%2ffs.scandir 186ms (cache revalidated)
322 silly packumentCache full:https://registry.npmjs.org/@nodelib%2ffs.scandir set size:49431 disposed:false
323 silly placeDep ROOT @nodelib/fs.scandir@2.1.5 OK for: @nodelib/fs.walk@1.2.8 want: 2.1.5
324 silly placeDep ROOT fastq@1.17.1 OK for: @nodelib/fs.walk@1.2.8 want: ^1.6.0
325 silly fetch manifest run-parallel@^1.1.9
326 silly packumentCache full:https://registry.npmjs.org/run-parallel cache-miss
327 silly fetch manifest reusify@^1.0.4
328 silly packumentCache full:https://registry.npmjs.org/reusify cache-miss
329 http fetch GET 200 https://registry.npmjs.org/reusify 114ms (cache revalidated)
330 silly packumentCache full:https://registry.npmjs.org/reusify set size:12832 disposed:false
331 http fetch GET 200 https://registry.npmjs.org/run-parallel 119ms (cache revalidated)
332 silly packumentCache full:https://registry.npmjs.org/run-parallel set size:35190 disposed:false
333 silly placeDep ROOT run-parallel@1.2.0 OK for: @nodelib/fs.scandir@2.1.5 want: ^1.1.9
334 silly fetch manifest queue-microtask@^1.2.2
335 silly packumentCache full:https://registry.npmjs.org/queue-microtask cache-miss
336 http fetch GET 200 https://registry.npmjs.org/queue-microtask 104ms (cache revalidated)
337 silly packumentCache full:https://registry.npmjs.org/queue-microtask set size:36088 disposed:false
338 silly placeDep ROOT reusify@1.0.4 OK for: fastq@1.17.1 want: ^1.0.4
339 silly placeDep ROOT to-regex-range@5.0.1 OK for: fill-range@7.1.1 want: ^5.0.1
340 silly fetch manifest is-number@^7.0.0
341 silly packumentCache full:https://registry.npmjs.org/is-number cache-miss
342 http fetch GET 200 https://registry.npmjs.org/is-number 116ms (cache revalidated)
343 silly packumentCache full:https://registry.npmjs.org/is-number set size:36183 disposed:false
344 silly placeDep ROOT binary-extensions@2.3.0 OK for: is-binary-path@2.1.0 want: ^2.0.0
345 silly placeDep ROOT is-extglob@2.1.1 OK for: is-glob@4.0.3 want: ^2.1.1
346 silly placeDep ROOT nanoid@3.3.7 OK for: postcss@8.4.47 want: ^3.3.7
347 silly placeDep ROOT source-map-js@1.2.1 OK for: postcss@8.4.47 want: ^1.2.1
348 silly placeDep ROOT postcss-value-parser@4.2.0 OK for: postcss-import@15.1.0 want: ^4.0.0
349 silly placeDep ROOT read-cache@1.0.0 OK for: postcss-import@15.1.0 want: ^1.0.0
350 silly fetch manifest pify@^2.3.0
351 silly packumentCache full:https://registry.npmjs.org/pify cache-miss
352 http fetch GET 200 https://registry.npmjs.org/pify 148ms (cache revalidated)
353 silly packumentCache full:https://registry.npmjs.org/pify set size:33583 disposed:false
354 silly placeDep ROOT camelcase-css@2.0.1 OK for: postcss-js@4.0.1 want: ^2.0.1
355 silly placeDep node_modules/postcss-load-config lilconfig@3.1.2 OK for: postcss-load-config@4.0.2 want: ^3.0.0
356 silly placeDep ROOT yaml@2.5.1 OK for: postcss-load-config@4.0.2 want: ^2.3.4
357 silly placeDep ROOT cssesc@3.0.0 OK for: postcss-selector-parser@6.1.2 want: ^3.0.0
358 silly placeDep ROOT util-deprecate@1.0.2 OK for: postcss-selector-parser@6.1.2 want: ^1.0.2
359 silly placeDep ROOT pify@2.3.0 OK for: read-cache@1.0.0 want: ^2.3.0
360 silly placeDep ROOT is-core-module@2.15.1 OK for: resolve@1.22.8 want: ^2.13.0
361 silly placeDep ROOT path-parse@1.0.7 OK for: resolve@1.22.8 want: ^1.0.7
362 silly placeDep ROOT supports-preserve-symlinks-flag@1.0.0 OK for: resolve@1.22.8 want: ^1.0.0
363 silly fetch manifest hasown@^2.0.2
364 silly packumentCache full:https://registry.npmjs.org/hasown cache-miss
365 http fetch GET 200 https://registry.npmjs.org/hasown 106ms (cache revalidated)
366 silly packumentCache full:https://registry.npmjs.org/hasown set size:12476 disposed:false
367 silly placeDep ROOT hasown@2.0.2 OK for: is-core-module@2.15.1 want: ^2.0.2
368 silly fetch manifest function-bind@^1.1.2
369 silly packumentCache full:https://registry.npmjs.org/function-bind cache-miss
370 http fetch GET 200 https://registry.npmjs.org/function-bind 769ms (cache revalidated)
371 silly packumentCache full:https://registry.npmjs.org/function-bind set size:15733 disposed:false
372 silly placeDep ROOT function-bind@1.1.2 OK for: hasown@2.0.2 want: ^1.1.2
373 silly placeDep ROOT queue-microtask@1.2.3 OK for: run-parallel@1.2.0 want: ^1.2.2
374 silly placeDep ROOT @jridgewell/gen-mapping@0.3.5 OK for: sucrase@3.35.0 want: ^0.3.2
375 silly placeDep ROOT commander@4.1.1 OK for: sucrase@3.35.0 want: ^4.0.0
376 silly placeDep ROOT glob@10.4.5 OK for: sucrase@3.35.0 want: ^10.3.10
377 silly placeDep ROOT lines-and-columns@1.2.4 OK for: sucrase@3.35.0 want: ^1.1.6
378 silly placeDep ROOT mz@2.7.0 OK for: sucrase@3.35.0 want: ^2.7.0
379 silly placeDep ROOT pirates@4.0.6 OK for: sucrase@3.35.0 want: ^4.0.1
380 silly placeDep ROOT ts-interface-checker@0.1.13 OK for: sucrase@3.35.0 want: ^0.1.9
381 silly fetch manifest @jridgewell/set-array@^1.2.1
382 silly packumentCache full:https://registry.npmjs.org/@jridgewell%2fset-array cache-miss
383 silly fetch manifest @jridgewell/trace-mapping@^0.3.24
384 silly packumentCache full:https://registry.npmjs.org/@jridgewell%2ftrace-mapping cache-miss
385 silly fetch manifest @jridgewell/sourcemap-codec@^1.4.10
386 silly packumentCache full:https://registry.npmjs.org/@jridgewell%2fsourcemap-codec cache-miss
387 silly fetch manifest minipass@^7.1.2
388 silly packumentCache full:https://registry.npmjs.org/minipass cache-miss
389 silly fetch manifest jackspeak@^3.1.2
390 silly packumentCache full:https://registry.npmjs.org/jackspeak cache-miss
391 silly fetch manifest minimatch@^9.0.4
392 silly packumentCache full:https://registry.npmjs.org/minimatch cache-miss
393 silly fetch manifest path-scurry@^1.11.1
394 silly packumentCache full:https://registry.npmjs.org/path-scurry cache-miss
395 http fetch GET 200 https://registry.npmjs.org/minipass 96ms (cache revalidated)
396 silly packumentCache full:https://registry.npmjs.org/minipass set size:490195 disposed:false
397 silly fetch manifest foreground-child@^3.1.0
398 silly packumentCache full:https://registry.npmjs.org/foreground-child cache-miss
399 http fetch GET 200 https://registry.npmjs.org/jackspeak 108ms (cache revalidated)
400 silly packumentCache full:https://registry.npmjs.org/jackspeak set size:165806 disposed:false
401 silly fetch manifest package-json-from-dist@^1.0.0
402 silly packumentCache full:https://registry.npmjs.org/package-json-from-dist cache-miss
403 http fetch GET 200 https://registry.npmjs.org/path-scurry 120ms (cache revalidated)
404 silly packumentCache full:https://registry.npmjs.org/path-scurry set size:112463 disposed:false
405 silly fetch manifest any-promise@^1.0.0
406 silly packumentCache full:https://registry.npmjs.org/any-promise cache-miss
407 http fetch GET 200 https://registry.npmjs.org/minimatch 124ms (cache revalidated)
408 silly packumentCache full:https://registry.npmjs.org/minimatch set size:398328 disposed:false
409 silly fetch manifest object-assign@^4.0.1
410 silly packumentCache full:https://registry.npmjs.org/object-assign cache-miss
411 http fetch GET 200 https://registry.npmjs.org/foreground-child 95ms (cache revalidated)
412 silly packumentCache full:https://registry.npmjs.org/foreground-child set size:56088 disposed:false
413 silly fetch manifest thenify-all@^1.0.0
414 silly packumentCache full:https://registry.npmjs.org/thenify-all cache-miss
415 http fetch GET 200 https://registry.npmjs.org/package-json-from-dist 93ms (cache revalidated)
416 silly packumentCache full:https://registry.npmjs.org/package-json-from-dist set size:6354 disposed:false
417 http fetch GET 200 https://registry.npmjs.org/object-assign 111ms (cache revalidated)
418 silly packumentCache full:https://registry.npmjs.org/object-assign set size:29002 disposed:false
419 http fetch GET 200 https://registry.npmjs.org/any-promise 128ms (cache revalidated)
420 silly packumentCache full:https://registry.npmjs.org/any-promise set size:20233 disposed:false
421 http fetch GET 200 https://registry.npmjs.org/thenify-all 118ms (cache revalidated)
422 silly packumentCache full:https://registry.npmjs.org/thenify-all set size:18488 disposed:false
423 http fetch GET 200 https://registry.npmjs.org/@jridgewell%2fsourcemap-codec 339ms (cache revalidated)
424 silly packumentCache full:https://registry.npmjs.org/@jridgewell%2fsourcemap-codec set size:54548 disposed:false
425 http fetch GET 200 https://registry.npmjs.org/@jridgewell%2ftrace-mapping 360ms (cache revalidated)
426 silly packumentCache full:https://registry.npmjs.org/@jridgewell%2ftrace-mapping set size:146917 disposed:false
427 http fetch GET 200 https://registry.npmjs.org/@jridgewell%2fset-array 370ms (cache revalidated)
428 silly packumentCache full:https://registry.npmjs.org/@jridgewell%2fset-array set size:25503 disposed:false
429 silly placeDep ROOT @jridgewell/set-array@1.2.1 OK for: @jridgewell/gen-mapping@0.3.5 want: ^1.2.1
430 silly placeDep ROOT @jridgewell/sourcemap-codec@1.5.0 OK for: @jridgewell/gen-mapping@0.3.5 want: ^1.4.10
431 silly placeDep ROOT @jridgewell/trace-mapping@0.3.25 OK for: @jridgewell/gen-mapping@0.3.5 want: ^0.3.24
432 silly fetch manifest @jridgewell/resolve-uri@^3.1.0
433 silly packumentCache full:https://registry.npmjs.org/@jridgewell%2fresolve-uri cache-miss
434 http fetch GET 200 https://registry.npmjs.org/@jridgewell%2fresolve-uri 377ms (cache revalidated)
435 silly packumentCache full:https://registry.npmjs.org/@jridgewell%2fresolve-uri set size:57361 disposed:false
436 silly placeDep ROOT @jridgewell/resolve-uri@3.1.2 OK for: @jridgewell/trace-mapping@0.3.25 want: ^3.1.0
437 silly placeDep ROOT foreground-child@3.3.0 OK for: glob@10.4.5 want: ^3.1.0
438 silly placeDep ROOT jackspeak@3.4.3 OK for: glob@10.4.5 want: ^3.1.2
439 silly placeDep ROOT minimatch@9.0.5 OK for: glob@10.4.5 want: ^9.0.4
440 silly placeDep ROOT minipass@7.1.2 OK for: glob@10.4.5 want: ^7.1.2
441 silly placeDep ROOT package-json-from-dist@1.0.0 OK for: glob@10.4.5 want: ^1.0.0
442 silly placeDep ROOT path-scurry@1.11.1 OK for: glob@10.4.5 want: ^1.11.1
443 silly fetch manifest cross-spawn@^7.0.0
444 silly packumentCache full:https://registry.npmjs.org/cross-spawn cache-miss
445 silly fetch manifest signal-exit@^4.0.1
446 silly packumentCache full:https://registry.npmjs.org/signal-exit cache-miss
447 silly fetch manifest @isaacs/cliui@^8.0.2
448 silly packumentCache full:https://registry.npmjs.org/@isaacs%2fcliui cache-miss
449 silly fetch manifest @pkgjs/parseargs@^0.11.0
450 silly packumentCache full:https://registry.npmjs.org/@pkgjs%2fparseargs cache-miss
451 silly fetch manifest brace-expansion@^2.0.1
452 silly packumentCache full:https://registry.npmjs.org/brace-expansion cache-miss
453 silly fetch manifest lru-cache@^10.2.0
454 silly packumentCache full:https://registry.npmjs.org/lru-cache cache-miss
455 http fetch GET 200 https://registry.npmjs.org/signal-exit 107ms (cache revalidated)
456 silly packumentCache full:https://registry.npmjs.org/signal-exit set size:53489 disposed:false
457 http fetch GET 200 https://registry.npmjs.org/cross-spawn 113ms (cache revalidated)
458 silly packumentCache full:https://registry.npmjs.org/cross-spawn set size:104585 disposed:false
459 http fetch GET 200 https://registry.npmjs.org/lru-cache 139ms (cache revalidated)
460 silly packumentCache full:https://registry.npmjs.org/lru-cache set size:384588 disposed:false
461 http fetch GET 200 https://registry.npmjs.org/brace-expansion 149ms (cache revalidated)
462 silly packumentCache full:https://registry.npmjs.org/brace-expansion set size:42345 disposed:false
463 http fetch GET 200 https://registry.npmjs.org/@isaacs%2fcliui 312ms (cache revalidated)
464 silly packumentCache full:https://registry.npmjs.org/@isaacs%2fcliui set size:7676 disposed:false
465 http fetch GET 200 https://registry.npmjs.org/@pkgjs%2fparseargs 685ms (cache revalidated)
466 silly packumentCache full:https://registry.npmjs.org/@pkgjs%2fparseargs set size:51085 disposed:false
467 silly placeDep ROOT cross-spawn@7.0.3 OK for: foreground-child@3.3.0 want: ^7.0.0
468 silly placeDep ROOT signal-exit@4.1.0 OK for: foreground-child@3.3.0 want: ^4.0.1
469 silly fetch manifest path-key@^3.1.0
470 silly packumentCache full:https://registry.npmjs.org/path-key cache-miss
471 silly fetch manifest shebang-command@^2.0.0
472 silly packumentCache full:https://registry.npmjs.org/shebang-command cache-miss
473 silly fetch manifest which@^2.0.1
474 silly packumentCache full:https://registry.npmjs.org/which cache-miss
475 http fetch GET 200 https://registry.npmjs.org/shebang-command 97ms (cache revalidated)
476 silly packumentCache full:https://registry.npmjs.org/shebang-command set size:8525 disposed:false
477 http fetch GET 200 https://registry.npmjs.org/path-key 101ms (cache revalidated)
478 silly packumentCache full:https://registry.npmjs.org/path-key set size:16975 disposed:false
479 http fetch GET 200 https://registry.npmjs.org/which 108ms (cache revalidated)
480 silly packumentCache full:https://registry.npmjs.org/which set size:60300 disposed:false
481 silly placeDep ROOT path-key@3.1.1 OK for: cross-spawn@7.0.3 want: ^3.1.0
482 silly placeDep ROOT shebang-command@2.0.0 OK for: cross-spawn@7.0.3 want: ^2.0.0
483 silly placeDep ROOT which@2.0.2 OK for: cross-spawn@7.0.3 want: ^2.0.1
484 silly fetch manifest shebang-regex@^3.0.0
485 silly packumentCache full:https://registry.npmjs.org/shebang-regex cache-miss
486 silly fetch manifest isexe@^2.0.0
487 silly packumentCache full:https://registry.npmjs.org/isexe cache-miss
488 http fetch GET 200 https://registry.npmjs.org/isexe 102ms (cache revalidated)
489 silly packumentCache full:https://registry.npmjs.org/isexe set size:19340 disposed:false
490 http fetch GET 200 https://registry.npmjs.org/shebang-regex 103ms (cache revalidated)
491 silly packumentCache full:https://registry.npmjs.org/shebang-regex set size:9763 disposed:false
492 silly placeDep ROOT @isaacs/cliui@8.0.2 OK for: jackspeak@3.4.3 want: ^8.0.2
493 silly placeDep ROOT @pkgjs/parseargs@0.11.0 OK for: jackspeak@3.4.3 want: ^0.11.0
494 silly fetch manifest string-width@^5.1.2
495 silly packumentCache full:https://registry.npmjs.org/string-width cache-miss
496 silly fetch manifest string-width-cjs@npm:string-width@^4.2.0
497 silly packumentCache full:https://registry.npmjs.org/string-width cache-miss
498 silly fetch manifest strip-ansi@^7.0.1
499 silly packumentCache full:https://registry.npmjs.org/strip-ansi cache-miss
500 silly fetch manifest strip-ansi-cjs@npm:strip-ansi@^6.0.1
501 silly packumentCache full:https://registry.npmjs.org/strip-ansi cache-miss
502 silly fetch manifest wrap-ansi@^8.1.0
503 silly packumentCache full:https://registry.npmjs.org/wrap-ansi cache-miss
504 silly fetch manifest wrap-ansi-cjs@npm:wrap-ansi@^7.0.0
505 silly packumentCache full:https://registry.npmjs.org/wrap-ansi cache-miss
506 http fetch GET 200 https://registry.npmjs.org/string-width 96ms (cache revalidated)
507 silly packumentCache full:https://registry.npmjs.org/string-width set size:61460 disposed:false
508 http fetch GET 200 https://registry.npmjs.org/strip-ansi 99ms (cache revalidated)
509 silly packumentCache full:https://registry.npmjs.org/strip-ansi set size:43180 disposed:false
510 http fetch GET 200 https://registry.npmjs.org/strip-ansi 100ms (cache revalidated)
511 silly packumentCache full:https://registry.npmjs.org/strip-ansi set size:43180 disposed:false
512 silly packumentCache full:https://registry.npmjs.org/strip-ansi dispose
513 http fetch GET 200 https://registry.npmjs.org/string-width 109ms (cache revalidated)
514 silly packumentCache full:https://registry.npmjs.org/string-width set size:61460 disposed:false
515 silly packumentCache full:https://registry.npmjs.org/string-width dispose
516 http fetch GET 200 https://registry.npmjs.org/wrap-ansi 112ms (cache revalidated)
517 silly packumentCache full:https://registry.npmjs.org/wrap-ansi set size:51143 disposed:false
518 http fetch GET 200 https://registry.npmjs.org/wrap-ansi 113ms (cache revalidated)
519 silly packumentCache full:https://registry.npmjs.org/wrap-ansi set size:51143 disposed:false
520 silly packumentCache full:https://registry.npmjs.org/wrap-ansi dispose
521 silly placeDep ROOT string-width@5.1.2 OK for: @isaacs/cliui@8.0.2 want: ^5.1.2
522 silly placeDep ROOT string-width-cjs@4.2.3 OK for: @isaacs/cliui@8.0.2 want: npm:string-width@^4.2.0
523 silly placeDep ROOT strip-ansi@7.1.0 OK for: @isaacs/cliui@8.0.2 want: ^7.0.1
524 silly placeDep ROOT strip-ansi-cjs@6.0.1 OK for: @isaacs/cliui@8.0.2 want: npm:strip-ansi@^6.0.1
525 silly placeDep ROOT wrap-ansi@8.1.0 OK for: @isaacs/cliui@8.0.2 want: ^8.1.0
526 silly placeDep ROOT wrap-ansi-cjs@7.0.0 OK for: @isaacs/cliui@8.0.2 want: npm:wrap-ansi@^7.0.0
527 silly fetch manifest emoji-regex@^9.2.2
528 silly packumentCache full:https://registry.npmjs.org/emoji-regex cache-miss
529 silly fetch manifest eastasianwidth@^0.2.0
530 silly packumentCache full:https://registry.npmjs.org/eastasianwidth cache-miss
531 silly fetch manifest strip-ansi@^6.0.1
532 silly packumentCache full:https://registry.npmjs.org/strip-ansi cache-hit
533 silly fetch manifest emoji-regex@^8.0.0
534 silly packumentCache full:https://registry.npmjs.org/emoji-regex cache-miss
535 silly fetch manifest is-fullwidth-code-point@^3.0.0
536 silly packumentCache full:https://registry.npmjs.org/is-fullwidth-code-point cache-miss
537 silly fetch manifest ansi-regex@^6.0.1
538 silly packumentCache full:https://registry.npmjs.org/ansi-regex cache-miss
539 silly fetch manifest ansi-regex@^5.0.1
540 silly packumentCache full:https://registry.npmjs.org/ansi-regex cache-miss
541 silly fetch manifest ansi-styles@^6.1.0
542 silly packumentCache full:https://registry.npmjs.org/ansi-styles cache-miss
543 http fetch GET 200 https://registry.npmjs.org/eastasianwidth 117ms (cache revalidated)
544 silly packumentCache full:https://registry.npmjs.org/eastasianwidth set size:7890 disposed:false
545 silly fetch manifest ansi-styles@^4.0.0
546 silly packumentCache full:https://registry.npmjs.org/ansi-styles cache-miss
547 http fetch GET 200 https://registry.npmjs.org/is-fullwidth-code-point 138ms (cache revalidated)
548 silly packumentCache full:https://registry.npmjs.org/is-fullwidth-code-point set size:12553 disposed:false
549 silly fetch manifest string-width@^4.1.0
550 silly packumentCache full:https://registry.npmjs.org/string-width cache-hit
551 silly fetch manifest strip-ansi@^6.0.0
552 silly packumentCache full:https://registry.npmjs.org/strip-ansi cache-hit
553 http fetch GET 200 https://registry.npmjs.org/ansi-styles 146ms (cache revalidated)
554 silly packumentCache full:https://registry.npmjs.org/ansi-styles set size:66356 disposed:false
555 http fetch GET 200 https://registry.npmjs.org/ansi-regex 165ms (cache updated)
556 silly packumentCache full:https://registry.npmjs.org/ansi-regex set size:undefined disposed:false
557 http fetch GET 200 https://registry.npmjs.org/emoji-regex 174ms (cache revalidated)
558 silly packumentCache full:https://registry.npmjs.org/emoji-regex set size:85187 disposed:false
559 http fetch GET 200 https://registry.npmjs.org/emoji-regex 193ms (cache revalidated)
560 silly packumentCache full:https://registry.npmjs.org/emoji-regex set size:85187 disposed:false
561 silly packumentCache full:https://registry.npmjs.org/emoji-regex dispose
562 http fetch GET 200 https://registry.npmjs.org/ansi-styles 90ms (cache revalidated)
563 silly packumentCache full:https://registry.npmjs.org/ansi-styles set size:66356 disposed:false
564 silly packumentCache full:https://registry.npmjs.org/ansi-styles dispose
565 http fetch GET 200 https://registry.npmjs.org/ansi-regex 223ms (cache updated)
566 silly packumentCache full:https://registry.npmjs.org/ansi-regex set size:undefined disposed:false
567 silly placeDep ROOT brace-expansion@2.0.1 OK for: minimatch@9.0.5 want: ^2.0.1
568 silly fetch manifest balanced-match@^1.0.0
569 silly packumentCache full:https://registry.npmjs.org/balanced-match cache-miss
570 http fetch GET 200 https://registry.npmjs.org/balanced-match 749ms (cache revalidated)
571 silly packumentCache full:https://registry.npmjs.org/balanced-match set size:33860 disposed:false
572 silly placeDep ROOT balanced-match@1.0.2 OK for: brace-expansion@2.0.1 want: ^1.0.0
573 silly placeDep ROOT any-promise@1.3.0 OK for: mz@2.7.0 want: ^1.0.0
574 silly placeDep ROOT object-assign@4.1.1 OK for: mz@2.7.0 want: ^4.0.1
575 silly placeDep ROOT thenify-all@1.6.0 OK for: mz@2.7.0 want: ^1.0.0
576 silly fetch manifest thenify@>= 3.1.0 < 4
577 silly packumentCache full:https://registry.npmjs.org/thenify cache-miss
578 http fetch GET 200 https://registry.npmjs.org/thenify 141ms (cache revalidated)
579 silly packumentCache full:https://registry.npmjs.org/thenify set size:21379 disposed:false
580 silly placeDep ROOT lru-cache@10.4.3 OK for: path-scurry@1.11.1 want: ^10.2.0
581 silly placeDep ROOT shebang-regex@3.0.0 OK for: shebang-command@2.0.0 want: ^3.0.0
582 silly placeDep ROOT eastasianwidth@0.2.0 OK for: string-width@5.1.2 want: ^0.2.0
583 silly placeDep ROOT emoji-regex@9.2.2 OK for: string-width@5.1.2 want: ^9.2.2
584 silly placeDep node_modules/string-width-cjs emoji-regex@8.0.0 OK for: string-width@4.2.3 want: ^8.0.0
585 silly placeDep ROOT is-fullwidth-code-point@3.0.0 OK for: string-width@4.2.3 want: ^3.0.0
586 silly placeDep node_modules/string-width-cjs strip-ansi@6.0.1 OK for: string-width@4.2.3 want: ^6.0.1
587 silly placeDep ROOT ansi-regex@6.1.0 OK for: strip-ansi@7.1.0 want: ^6.0.1
588 silly placeDep node_modules/strip-ansi-cjs ansi-regex@5.0.1 OK for: strip-ansi@6.0.1 want: ^5.0.1
589 silly placeDep ROOT thenify@3.3.1 OK for: thenify-all@1.6.0 want: >= 3.1.0 < 4
590 silly placeDep ROOT is-number@7.0.0 OK for: to-regex-range@5.0.1 want: ^7.0.0
591 silly placeDep ROOT isexe@2.0.0 OK for: which@2.0.2 want: ^2.0.0
592 silly placeDep ROOT ansi-styles@6.2.1 OK for: wrap-ansi@8.1.0 want: ^6.1.0
593 silly placeDep node_modules/wrap-ansi-cjs ansi-styles@4.3.0 OK for: wrap-ansi@7.0.0 want: ^4.0.0
594 silly placeDep node_modules/wrap-ansi-cjs string-width@4.2.3 OK for: wrap-ansi@7.0.0 want: ^4.1.0
595 silly placeDep node_modules/wrap-ansi-cjs strip-ansi@6.0.1 OK for: wrap-ansi@7.0.0 want: ^6.0.0
596 silly fetch manifest color-convert@^2.0.1
597 silly packumentCache full:https://registry.npmjs.org/color-convert cache-miss
598 http fetch GET 200 https://registry.npmjs.org/color-convert 114ms (cache revalidated)
599 silly packumentCache full:https://registry.npmjs.org/color-convert set size:61781 disposed:false
600 silly placeDep node_modules/string-width-cjs ansi-regex@5.0.1 OK for: strip-ansi@6.0.1 want: ^5.0.1
601 silly placeDep ROOT color-convert@2.0.1 OK for: ansi-styles@4.3.0 want: ^2.0.1
602 silly fetch manifest color-name@~1.1.4
603 silly packumentCache full:https://registry.npmjs.org/color-name cache-miss
604 http fetch GET 200 https://registry.npmjs.org/color-name 106ms (cache revalidated)
605 silly packumentCache full:https://registry.npmjs.org/color-name set size:16325 disposed:false
606 silly placeDep ROOT color-name@1.1.4 OK for: color-convert@2.0.1 want: ~1.1.4
607 silly placeDep node_modules/wrap-ansi-cjs emoji-regex@8.0.0 OK for: string-width@4.2.3 want: ^8.0.0
608 silly placeDep node_modules/wrap-ansi-cjs ansi-regex@5.0.1 OK for: strip-ansi@6.0.1 want: ^5.0.1
609 silly reify moves {}
610 silly audit bulk request {
610 silly audit   tailwindcss: [ '3.4.11' ],
610 silly audit   '@alloc/quick-lru': [ '5.2.0' ],
610 silly audit   arg: [ '5.0.2' ],
610 silly audit   chokidar: [ '3.6.0' ],
610 silly audit   didyoumean: [ '1.2.2' ],
610 silly audit   dlv: [ '1.1.3' ],
610 silly audit   'fast-glob': [ '3.3.2' ],
610 silly audit   'glob-parent': [ '6.0.2', '5.1.2' ],
610 silly audit   'is-glob': [ '4.0.3' ],
610 silly audit   jiti: [ '1.21.6' ],
610 silly audit   lilconfig: [ '2.1.0', '3.1.2' ],
610 silly audit   micromatch: [ '4.0.8' ],
610 silly audit   'normalize-path': [ '3.0.0' ],
610 silly audit   'object-hash': [ '3.0.0' ],
610 silly audit   picocolors: [ '1.1.0' ],
610 silly audit   postcss: [ '8.4.47' ],
610 silly audit   'postcss-import': [ '15.1.0' ],
610 silly audit   'postcss-js': [ '4.0.1' ],
610 silly audit   'postcss-load-config': [ '4.0.2' ],
610 silly audit   'postcss-nested': [ '6.2.0' ],
610 silly audit   'postcss-selector-parser': [ '6.1.2' ],
610 silly audit   resolve: [ '1.22.8' ],
610 silly audit   sucrase: [ '3.35.0' ],
610 silly audit   anymatch: [ '3.1.3' ],
610 silly audit   braces: [ '3.0.3' ],
610 silly audit   fsevents: [ '2.3.3' ],
610 silly audit   'is-binary-path': [ '2.1.0' ],
610 silly audit   readdirp: [ '3.6.0' ],
610 silly audit   picomatch: [ '2.3.1' ],
610 silly audit   'fill-range': [ '7.1.1' ],
610 silly audit   '@nodelib/fs.stat': [ '2.0.5' ],
610 silly audit   '@nodelib/fs.walk': [ '1.2.8' ],
610 silly audit   merge2: [ '1.4.1' ],
610 silly audit   '@nodelib/fs.scandir': [ '2.1.5' ],
610 silly audit   fastq: [ '1.17.1' ],
610 silly audit   'run-parallel': [ '1.2.0' ],
610 silly audit   reusify: [ '1.0.4' ],
610 silly audit   'to-regex-range': [ '5.0.1' ],
610 silly audit   'binary-extensions': [ '2.3.0' ],
610 silly audit   'is-extglob': [ '2.1.1' ],
610 silly audit   nanoid: [ '3.3.7' ],
610 silly audit   'source-map-js': [ '1.2.1' ],
610 silly audit   'postcss-value-parser': [ '4.2.0' ],
610 silly audit   'read-cache': [ '1.0.0' ],
610 silly audit   'camelcase-css': [ '2.0.1' ],
610 silly audit   yaml: [ '2.5.1' ],
610 silly audit   cssesc: [ '3.0.0' ],
610 silly audit   'util-deprecate': [ '1.0.2' ],
610 silly audit   pify: [ '2.3.0' ],
610 silly audit   'is-core-module': [ '2.15.1' ],
610 silly audit   'path-parse': [ '1.0.7' ],
610 silly audit   'supports-preserve-symlinks-flag': [ '1.0.0' ],
610 silly audit   hasown: [ '2.0.2' ],
610 silly audit   'function-bind': [ '1.1.2' ],
610 silly audit   'queue-microtask': [ '1.2.3' ],
610 silly audit   '@jridgewell/gen-mapping': [ '0.3.5' ],
610 silly audit   commander: [ '4.1.1' ],
610 silly audit   glob: [ '10.4.5' ],
610 silly audit   'lines-and-columns': [ '1.2.4' ],
610 silly audit   mz: [ '2.7.0' ],
610 silly audit   pirates: [ '4.0.6' ],
610 silly audit   'ts-interface-checker': [ '0.1.13' ],
610 silly audit   '@jridgewell/set-array': [ '1.2.1' ],
610 silly audit   '@jridgewell/sourcemap-codec': [ '1.5.0' ],
610 silly audit   '@jridgewell/trace-mapping': [ '0.3.25' ],
610 silly audit   '@jridgewell/resolve-uri': [ '3.1.2' ],
610 silly audit   'foreground-child': [ '3.3.0' ],
610 silly audit   jackspeak: [ '3.4.3' ],
610 silly audit   minimatch: [ '9.0.5' ],
610 silly audit   minipass: [ '7.1.2' ],
610 silly audit   'package-json-from-dist': [ '1.0.0' ],
610 silly audit   'path-scurry': [ '1.11.1' ],
610 silly audit   'cross-spawn': [ '7.0.3' ],
610 silly audit   'signal-exit': [ '4.1.0' ],
610 silly audit   'path-key': [ '3.1.1' ],
610 silly audit   'shebang-command': [ '2.0.0' ],
610 silly audit   which: [ '2.0.2' ],
610 silly audit   '@isaacs/cliui': [ '8.0.2' ],
610 silly audit   '@pkgjs/parseargs': [ '0.11.0' ],
610 silly audit   'string-width': [ '5.1.2', '4.2.3' ],
610 silly audit   'strip-ansi': [ '7.1.0', '6.0.1' ],
610 silly audit   'wrap-ansi': [ '8.1.0', '7.0.0' ],
610 silly audit   'brace-expansion': [ '2.0.1' ],
610 silly audit   'balanced-match': [ '1.0.2' ],
610 silly audit   'any-promise': [ '1.3.0' ],
610 silly audit   'object-assign': [ '4.1.1' ],
610 silly audit   'thenify-all': [ '1.6.0' ],
610 silly audit   'lru-cache': [ '10.4.3' ],
610 silly audit   'shebang-regex': [ '3.0.0' ],
610 silly audit   eastasianwidth: [ '0.2.0' ],
610 silly audit   'emoji-regex': [ '9.2.2', '8.0.0' ],
610 silly audit   'is-fullwidth-code-point': [ '3.0.0' ],
610 silly audit   'ansi-regex': [ '6.1.0', '5.0.1' ],
610 silly audit   thenify: [ '3.3.1' ],
610 silly audit   'is-number': [ '7.0.0' ],
610 silly audit   isexe: [ '2.0.0' ],
610 silly audit   'ansi-styles': [ '6.2.1', '4.3.0' ],
610 silly audit   'color-convert': [ '2.0.1' ],
610 silly audit   'color-name': [ '1.1.4' ]
610 silly audit }
611 verbose reify failed optional dependency C:\Users\cis2\Documents\Desain\septiyan-devi\tmpnodejsnpm-cache\_npx\bc7494899bbce1ca\node_modules\fsevents
612 silly reify mark deleted [
612 silly reify   'C:\\Users\\cis2\\Documents\\Desain\\septiyan-devi\\tmpnodejsnpm-cache\\_npx\\bc7494899bbce1ca\\node_modules\\fsevents'
612 silly reify ]
613 silly tarball no local data for ansi-regex@https://registry.npmjs.org/ansi-regex/-/ansi-regex-6.1.0.tgz. Extracting by manifest.
614 silly tarball no local data for source-map-js@https://registry.npmjs.org/source-map-js/-/source-map-js-1.2.1.tgz. Extracting by manifest.
615 silly tarball no local data for postcss@https://registry.npmjs.org/postcss/-/postcss-8.4.47.tgz. Extracting by manifest.
616 http fetch GET 200 https://registry.npmjs.org/ansi-regex/-/ansi-regex-6.1.0.tgz 269ms (cache miss)
617 http fetch POST 200 https://registry.npmjs.org/-/npm/v1/security/advisories/bulk 298ms
618 silly audit report {}
619 http fetch GET 200 https://registry.npmjs.org/source-map-js/-/source-map-js-1.2.1.tgz 402ms (cache miss)
620 http fetch GET 200 https://registry.npmjs.org/postcss/-/postcss-8.4.47.tgz 511ms (cache miss)
