0 verbose cli C:\Program Files\nodejs\node.exe C:\Users\cis2\AppData\Roaming\npm\node_modules\npm\bin\npm-cli.js
1 info using npm@10.8.1
2 info using node@v20.15.0
3 silly config load:file:C:\Users\cis2\AppData\Roaming\npm\node_modules\npm\npmrc
4 silly config load:file:C:\Users\cis2\Documents\Desain\septian-devi\.npmrc
5 silly config load:file:C:\Users\cis2\.npmrc
6 silly config load:file:C:\Users\cis2\AppData\Roaming\npm\etc\npmrc
7 verbose title npm remove tw-elements
8 verbose argv "remove" "tw-elements"
9 verbose logfile logs-max:10 dir:C:\Users\cis2\Documents\Desain\septian-devi\tmpnodejsnpm-cache\_logs\2024-09-09T02_19_37_397Z-
10 verbose logfile C:\Users\cis2\Documents\Desain\septian-devi\tmpnodejsnpm-cache\_logs\2024-09-09T02_19_37_397Z-debug-0.log
11 silly packumentCache heap:2032926720 maxSize:508231680 maxEntrySize:254115840
12 silly logfile start cleaning logs, removing 1 files
13 silly logfile done cleaning log files
14 silly idealTree buildDeps
15 silly reify mark retired [
15 silly reify   'C:\\Users\\cis2\\Documents\\Desain\\septian-devi\\node_modules\\tw-elements'
15 silly reify ]
16 silly reify moves {
16 silly reify   'C:\\Users\\cis2\\Documents\\Desain\\septian-devi\\node_modules\\tw-elements': 'C:\\Users\\cis2\\Documents\\Desain\\septian-devi\\node_modules\\.tw-elements-8rwEObGa'
16 silly reify }
17 silly audit bulk request {
17 silly audit   '@alloc/quick-lru': [ '5.2.0' ],
17 silly audit   '@isaacs/cliui': [ '8.0.2' ],
17 silly audit   '@jridgewell/gen-mapping': [ '0.3.5' ],
17 silly audit   '@jridgewell/resolve-uri': [ '3.1.2' ],
17 silly audit   '@jridgewell/set-array': [ '1.2.1' ],
17 silly audit   '@jridgewell/sourcemap-codec': [ '1.5.0' ],
17 silly audit   '@jridgewell/trace-mapping': [ '0.3.25' ],
17 silly audit   '@nodelib/fs.scandir': [ '2.1.5' ],
17 silly audit   '@nodelib/fs.stat': [ '2.0.5' ],
17 silly audit   '@nodelib/fs.walk': [ '1.2.8' ],
17 silly audit   '@pkgjs/parseargs': [ '0.11.0' ],
17 silly audit   'ansi-regex': [ '6.0.1', '5.0.1' ],
17 silly audit   'ansi-styles': [ '6.2.1', '4.3.0' ],
17 silly audit   'any-promise': [ '1.3.0' ],
17 silly audit   anymatch: [ '3.1.3' ],
17 silly audit   arg: [ '5.0.2' ],
17 silly audit   'balanced-match': [ '1.0.2' ],
17 silly audit   'binary-extensions': [ '2.3.0' ],
17 silly audit   'brace-expansion': [ '2.0.1' ],
17 silly audit   braces: [ '3.0.3' ],
17 silly audit   'camelcase-css': [ '2.0.1' ],
17 silly audit   chokidar: [ '3.6.0' ],
17 silly audit   'glob-parent': [ '5.1.2', '6.0.2' ],
17 silly audit   'color-convert': [ '2.0.1' ],
17 silly audit   'color-name': [ '1.1.4' ],
17 silly audit   commander: [ '4.1.1' ],
17 silly audit   'cross-spawn': [ '7.0.3' ],
17 silly audit   cssesc: [ '3.0.0' ],
17 silly audit   didyoumean: [ '1.2.2' ],
17 silly audit   dlv: [ '1.1.3' ],
17 silly audit   eastasianwidth: [ '0.2.0' ],
17 silly audit   'emoji-regex': [ '9.2.2', '8.0.0' ],
17 silly audit   'fast-glob': [ '3.3.2' ],
17 silly audit   fastq: [ '1.17.1' ],
17 silly audit   'fill-range': [ '7.1.1' ],
17 silly audit   'foreground-child': [ '3.3.0' ],
17 silly audit   fsevents: [ '2.3.3' ],
17 silly audit   'function-bind': [ '1.1.2' ],
17 silly audit   glob: [ '10.4.5' ],
17 silly audit   hasown: [ '2.0.2' ],
17 silly audit   'is-binary-path': [ '2.1.0' ],
17 silly audit   'is-core-module': [ '2.15.1' ],
17 silly audit   'is-extglob': [ '2.1.1' ],
17 silly audit   'is-fullwidth-code-point': [ '3.0.0' ],
17 silly audit   'is-glob': [ '4.0.3' ],
17 silly audit   'is-number': [ '7.0.0' ],
17 silly audit   isexe: [ '2.0.0' ],
17 silly audit   jackspeak: [ '3.4.3' ],
17 silly audit   jiti: [ '1.21.6' ],
17 silly audit   lilconfig: [ '2.1.0', '3.1.2' ],
17 silly audit   'lines-and-columns': [ '1.2.4' ],
17 silly audit   'lru-cache': [ '10.4.3' ],
17 silly audit   merge2: [ '1.4.1' ],
17 silly audit   micromatch: [ '4.0.8' ],
17 silly audit   minimatch: [ '9.0.5' ],
17 silly audit   minipass: [ '7.1.2' ],
17 silly audit   mz: [ '2.7.0' ],
17 silly audit   nanoid: [ '3.3.7' ],
17 silly audit   'normalize-path': [ '3.0.0' ],
17 silly audit   'object-assign': [ '4.1.1' ],
17 silly audit   'object-hash': [ '3.0.0' ],
17 silly audit   'package-json-from-dist': [ '1.0.0' ],
17 silly audit   'path-key': [ '3.1.1' ],
17 silly audit   'path-parse': [ '1.0.7' ],
17 silly audit   'path-scurry': [ '1.11.1' ],
17 silly audit   picocolors: [ '1.1.0' ],
17 silly audit   picomatch: [ '2.3.1' ],
17 silly audit   pify: [ '2.3.0' ],
17 silly audit   pirates: [ '4.0.6' ],
17 silly audit   postcss: [ '8.4.45' ],
17 silly audit   'postcss-import': [ '15.1.0' ],
17 silly audit   'postcss-js': [ '4.0.1' ],
17 silly audit   'postcss-load-config': [ '4.0.2' ],
17 silly audit   'postcss-nested': [ '6.2.0' ],
17 silly audit   'postcss-selector-parser': [ '6.1.2' ],
17 silly audit   'postcss-value-parser': [ '4.2.0' ],
17 silly audit   'queue-microtask': [ '1.2.3' ],
17 silly audit   'read-cache': [ '1.0.0' ],
17 silly audit   readdirp: [ '3.6.0' ],
17 silly audit   resolve: [ '1.22.8' ],
17 silly audit   reusify: [ '1.0.4' ],
17 silly audit   'run-parallel': [ '1.2.0' ],
17 silly audit   'shebang-command': [ '2.0.0' ],
17 silly audit   'shebang-regex': [ '3.0.0' ],
17 silly audit   'signal-exit': [ '4.1.0' ],
17 silly audit   'source-map-js': [ '1.2.0' ],
17 silly audit   'string-width': [ '5.1.2', '4.2.3' ],
17 silly audit   'strip-ansi': [ '6.0.1', '7.1.0' ],
17 silly audit   sucrase: [ '3.35.0' ],
17 silly audit   'supports-preserve-symlinks-flag': [ '1.0.0' ],
17 silly audit   tailwindcss: [ '3.4.10' ],
17 silly audit   thenify: [ '3.3.1' ],
17 silly audit   'thenify-all': [ '1.6.0' ],
17 silly audit   'to-regex-range': [ '5.0.1' ],
17 silly audit   'ts-interface-checker': [ '0.1.13' ],
17 silly audit   'util-deprecate': [ '1.0.2' ],
17 silly audit   which: [ '2.0.2' ],
17 silly audit   'wrap-ansi': [ '8.1.0', '7.0.0' ],
17 silly audit   yaml: [ '2.5.1' ]
17 silly audit }
18 verbose reify failed optional dependency C:\Users\cis2\Documents\Desain\septian-devi\node_modules\fsevents
19 silly reify mark deleted [
19 silly reify   'C:\\Users\\cis2\\Documents\\Desain\\septian-devi\\node_modules\\fsevents'
19 silly reify ]
20 http fetch POST 200 https://registry.npmjs.org/-/npm/v1/security/advisories/bulk 1009ms
21 silly audit report {}
22 silly ADD
23 silly REMOVE node_modules/tw-elements
24 verbose cwd C:\Users\cis2\Documents\Desain\septian-devi
25 verbose os Windows_NT 10.0.22621
26 verbose node v20.15.0
27 verbose npm  v10.8.1
28 verbose exit 0
29 info ok
